{"level":"info","message":"Login attempt by user: user1@gmail.com","timestamp":"2025-10-01T07:27:10.192Z"}
{"level":"info","message":"blocked or not ","timestamp":"2025-10-01T08:34:25.342Z"}
{"level":"info","message":"blocked or not ","timestamp":"2025-10-01T08:34:25.435Z"}
{"level":"info","message":"blocked or not ","timestamp":"2025-10-01T08:35:18.516Z"}
{"level":"info","message":"blocked or not ","timestamp":"2025-10-01T08:35:19.017Z"}
{"level":"info","message":"blocked or not ","timestamp":"2025-10-01T10:16:51.893Z"}
{"level":"info","message":"blocked or not ","timestamp":"2025-10-01T10:16:51.985Z"}
{"level":"info","message":"Login user: user1@gmail.com","timestamp":"2025-10-01T10:20:13.324Z"}
{"level":"info","message":"Login user: user1@gmail.com","timestamp":"2025-10-01T10:20:16.283Z"}
{"level":"info","message":"blocked or not ","timestamp":"2025-10-01T10:20:16.542Z"}
{"level":"info","message":"blocked or not ","timestamp":"2025-10-01T10:20:16.667Z"}
{"level":"info","message":"blocked or not ","timestamp":"2025-10-01T10:21:19.791Z"}
{"level":"info","message":"blocked or not ","timestamp":"2025-10-01T10:21:20.052Z"}
{"level":"info","message":"blocked or not ","timestamp":"2025-10-01T10:21:45.864Z"}
{"level":"info","message":"blocked or not ","timestamp":"2025-10-01T10:21:45.914Z"}
{"level":"info","message":"blocked or not ","timestamp":"2025-10-01T10:21:52.750Z"}
{"level":"info","message":"blocked or not ","timestamp":"2025-10-01T10:21:52.824Z"}
{"g_state":"{\"i_l\":0}","level":"info","message":"refresh token ","refreshToken":"eyJhbGciOiJIUzI1NiIsInR5cCI6IkpXVCJ9.eyJpZCI6IjY4NDE2NDFjMTU4NmZlZTBiZmU5MTU4NiIsImlhdCI6MTc1OTMwMzYzMCwiZXhwIjoxNzU5OTA4NDMwfQ.QzMo_bl0n-Eg2vN36dL1tGx6l_w3upYRlfwAUYfK3bo","rzp_unified_session_id":"ROEgMSRrMkfuhd","timestamp":"2025-10-01T14:06:49.698Z"}
{"level":"info","message":"refresh token ","timestamp":"2025-10-01T14:06:49.708Z"}
{"g_state":"{\"i_l\":0}","level":"info","message":"refresh token ","refreshToken":"eyJhbGciOiJIUzI1NiIsInR5cCI6IkpXVCJ9.eyJpZCI6IjY4NDE2NDFjMTU4NmZlZTBiZmU5MTU4NiIsImlhdCI6MTc1OTMwMzYzMCwiZXhwIjoxNzU5OTA4NDMwfQ.QzMo_bl0n-Eg2vN36dL1tGx6l_w3upYRlfwAUYfK3bo","rzp_unified_session_id":"ROEgMSRrMkfuhd","timestamp":"2025-10-01T14:06:49.722Z"}
{"level":"info","message":"refresh token ","timestamp":"2025-10-01T14:06:49.723Z"}
{"level":"info","message":"blocked or not ","timestamp":"2025-10-01T14:06:49.740Z"}
{"level":"info","message":"blocked or not ","timestamp":"2025-10-01T14:06:50.114Z"}
{"level":"info","message":"blocked or not ","timestamp":"2025-10-01T14:06:50.165Z"}
{"level":"info","message":"blocked or not ","timestamp":"2025-10-01T14:06:56.549Z"}
{"level":"info","message":"blocked or not ","timestamp":"2025-10-01T14:06:56.602Z"}
{"g_state":"{\"i_l\":0}","level":"info","message":"refresh token ","refreshToken":"eyJhbGciOiJIUzI1NiIsInR5cCI6IkpXVCJ9.eyJpZCI6IjY4NDE2NDFjMTU4NmZlZTBiZmU5MTU4NiIsImlhdCI6MTc1OTMwMzYzMCwiZXhwIjoxNzU5OTA4NDMwfQ.QzMo_bl0n-Eg2vN36dL1tGx6l_w3upYRlfwAUYfK3bo","rzp_unified_session_id":"ROEgMSRrMkfuhd","timestamp":"2025-10-01T14:25:55.782Z"}
{"level":"info","message":"refresh token ","timestamp":"2025-10-01T14:25:55.785Z"}
{"g_state":"{\"i_l\":0}","level":"info","message":"refresh token ","refreshToken":"eyJhbGciOiJIUzI1NiIsInR5cCI6IkpXVCJ9.eyJpZCI6IjY4NDE2NDFjMTU4NmZlZTBiZmU5MTU4NiIsImlhdCI6MTc1OTMwMzYzMCwiZXhwIjoxNzU5OTA4NDMwfQ.QzMo_bl0n-Eg2vN36dL1tGx6l_w3upYRlfwAUYfK3bo","rzp_unified_session_id":"ROEgMSRrMkfuhd","timestamp":"2025-10-01T14:25:55.791Z"}
{"level":"info","message":"refresh token ","timestamp":"2025-10-01T14:25:55.792Z"}
{"level":"info","message":"blocked or not ","timestamp":"2025-10-01T14:30:59.760Z"}
{"level":"info","message":"blocked or not ","timestamp":"2025-10-01T14:30:59.799Z"}
{"level":"info","message":"blocked or not ","timestamp":"2025-10-01T14:31:04.214Z"}
{"level":"info","message":"blocked or not ","timestamp":"2025-10-01T14:31:04.257Z"}
{"level":"info","message":"blocked or not ","timestamp":"2025-10-01T14:31:45.266Z"}
{"level":"info","message":"blocked or not ","timestamp":"2025-10-01T14:31:45.307Z"}
{"level":"info","message":"blocked or not ","timestamp":"2025-10-01T14:31:48.782Z"}
{"level":"info","message":"blocked or not ","timestamp":"2025-10-01T14:31:48.823Z"}
{"g_state":"{\"i_l\":0}","level":"info","message":"refresh token ","refreshToken":"eyJhbGciOiJIUzI1NiIsInR5cCI6IkpXVCJ9.eyJpZCI6IjY4NDE2NDFjMTU4NmZlZTBiZmU5MTU4NiIsImlhdCI6MTc1OTMwMzYzMCwiZXhwIjoxNzU5OTA4NDMwfQ.QzMo_bl0n-Eg2vN36dL1tGx6l_w3upYRlfwAUYfK3bo","rzp_unified_session_id":"ROFOQHWHlAEUt1","timestamp":"2025-10-01T14:48:31.588Z"}
{"level":"info","message":"refresh token ","timestamp":"2025-10-01T14:48:31.593Z"}
{"g_state":"{\"i_l\":0}","level":"info","message":"refresh token ","refreshToken":"eyJhbGciOiJIUzI1NiIsInR5cCI6IkpXVCJ9.eyJpZCI6IjY4NDE2NDFjMTU4NmZlZTBiZmU5MTU4NiIsImlhdCI6MTc1OTMwMzYzMCwiZXhwIjoxNzU5OTA4NDMwfQ.QzMo_bl0n-Eg2vN36dL1tGx6l_w3upYRlfwAUYfK3bo","rzp_unified_session_id":"ROFOQHWHlAEUt1","timestamp":"2025-10-01T14:48:31.607Z"}
{"level":"info","message":"refresh token ","timestamp":"2025-10-01T14:48:31.608Z"}
{"level":"info","message":"get Courses user","timestamp":"2025-10-01T14:48:32.223Z"}
{"level":"info","message":"get Courses user","timestamp":"2025-10-01T14:48:32.337Z"}
{"level":"info","message":"get Courses user","timestamp":"2025-10-01T14:48:33.474Z"}
{"level":"info","message":"get Courses user","timestamp":"2025-10-01T14:48:33.570Z"}
{"level":"info","message":"get Courses user","timestamp":"2025-10-01T14:48:43.016Z"}
{"level":"info","message":"get Courses user","timestamp":"2025-10-01T14:48:43.099Z"}
{"level":"info","message":"get Courses user","timestamp":"2025-10-01T14:48:53.984Z"}
{"level":"info","message":"get Courses user","timestamp":"2025-10-01T14:48:54.078Z"}
{"level":"info","message":"get Courses user","timestamp":"2025-10-01T14:50:15.299Z"}
{"level":"info","message":"get Courses user","timestamp":"2025-10-01T14:50:15.427Z"}
{"level":"info","message":"get Courses user","timestamp":"2025-10-01T14:53:50.533Z"}
{"level":"info","message":"get Courses user","timestamp":"2025-10-01T14:53:50.627Z"}
{"level":"info","message":"get Courses user","timestamp":"2025-10-01T14:53:50.742Z"}
{"level":"info","message":"get Courses user","timestamp":"2025-10-01T14:53:50.847Z"}
{"level":"info","message":"get Courses user","timestamp":"2025-10-01T14:53:52.432Z"}
{"level":"info","message":"get Courses user","timestamp":"2025-10-01T14:53:52.595Z"}
{"level":"info","message":"get Courses user","timestamp":"2025-10-01T14:54:22.318Z"}
{"level":"info","message":"get Courses user","timestamp":"2025-10-01T14:54:22.404Z"}
{"level":"info","message":"get Courses user","timestamp":"2025-10-01T14:54:37.800Z"}
{"level":"info","message":"get Courses user","timestamp":"2025-10-01T14:54:37.886Z"}
{"level":"info","message":"get Courses user","timestamp":"2025-10-01T14:54:43.847Z"}
{"level":"info","message":"get Courses user","timestamp":"2025-10-01T14:54:43.929Z"}
{"level":"info","message":"get Courses user","timestamp":"2025-10-01T14:54:55.945Z"}
{"level":"info","message":"get Courses user","timestamp":"2025-10-01T14:54:56.030Z"}
{"level":"info","message":"get Courses user","timestamp":"2025-10-01T14:54:58.075Z"}
{"level":"info","message":"get Courses user","timestamp":"2025-10-01T14:54:58.152Z"}
{"level":"info","message":"get Courses user","timestamp":"2025-10-01T14:55:15.746Z"}
{"level":"info","message":"get Courses user","timestamp":"2025-10-01T14:55:15.828Z"}
{"level":"info","message":"get Courses user","timestamp":"2025-10-01T14:55:32.692Z"}
{"level":"info","message":"get Courses user","timestamp":"2025-10-01T14:55:32.802Z"}
{"level":"info","message":"get Courses user","timestamp":"2025-10-01T14:55:56.011Z"}
{"level":"info","message":"get Courses user","timestamp":"2025-10-01T14:55:56.113Z"}
{"level":"info","message":"get Courses user","timestamp":"2025-10-01T14:56:01.077Z"}
{"level":"info","message":"get Courses user","timestamp":"2025-10-01T14:56:01.166Z"}
{"level":"info","message":"get Courses user","timestamp":"2025-10-01T14:56:06.293Z"}
{"level":"info","message":"get Courses user","timestamp":"2025-10-01T14:56:06.391Z"}
{"level":"info","message":"get Courses user","timestamp":"2025-10-01T14:56:39.444Z"}
{"level":"info","message":"get Courses user","timestamp":"2025-10-01T14:56:39.557Z"}
{"level":"info","message":"get Courses user","timestamp":"2025-10-01T14:57:02.254Z"}
{"level":"info","message":"get Courses user","timestamp":"2025-10-01T14:57:02.350Z"}
{"level":"info","message":"get Courses user","timestamp":"2025-10-01T14:57:29.378Z"}
{"level":"info","message":"get Courses user","timestamp":"2025-10-01T14:57:29.509Z"}
{"g_state":"{\"i_l\":0}","level":"info","message":"refresh token ","refreshToken":"eyJhbGciOiJIUzI1NiIsInR5cCI6IkpXVCJ9.eyJpZCI6IjY4NDE2NDFjMTU4NmZlZTBiZmU5MTU4NiIsImlhdCI6MTc1OTMwMzYzMCwiZXhwIjoxNzU5OTA4NDMwfQ.QzMo_bl0n-Eg2vN36dL1tGx6l_w3upYRlfwAUYfK3bo","rzp_unified_session_id":"ROHnT2lwMwJ1AN","timestamp":"2025-10-01T17:09:38.103Z"}
{"level":"info","message":"refresh token ","timestamp":"2025-10-01T17:09:38.107Z"}
{"g_state":"{\"i_l\":0}","level":"info","message":"refresh token ","refreshToken":"eyJhbGciOiJIUzI1NiIsInR5cCI6IkpXVCJ9.eyJpZCI6IjY4NDE2NDFjMTU4NmZlZTBiZmU5MTU4NiIsImlhdCI6MTc1OTMwMzYzMCwiZXhwIjoxNzU5OTA4NDMwfQ.QzMo_bl0n-Eg2vN36dL1tGx6l_w3upYRlfwAUYfK3bo","rzp_unified_session_id":"ROHnT2lwMwJ1AN","timestamp":"2025-10-01T17:09:38.113Z"}
{"level":"info","message":"refresh token ","timestamp":"2025-10-01T17:09:38.114Z"}
{"level":"info","message":"blocked or not ","timestamp":"2025-10-01T17:09:38.119Z"}
{"level":"info","message":"blocked or not ","timestamp":"2025-10-01T17:09:38.175Z"}
{"level":"info","message":"blocked or not ","timestamp":"2025-10-01T17:09:38.226Z"}
{"level":"info","message":"OTP verified, user registered successfully","success":true,"timestamp":"2025-10-01T17:18:53.807Z"}
{"level":"info","message":"Login user: name@gmail.com","timestamp":"2025-10-01T17:18:59.147Z"}
{"level":"info","message":"blocked or not ","timestamp":"2025-10-01T17:18:59.318Z"}
{"level":"info","message":"blocked or not ","timestamp":"2025-10-01T17:18:59.363Z"}
{"level":"info","message":"blocked or not ","timestamp":"2025-10-01T17:19:03.213Z"}
{"level":"info","message":"blocked or not ","timestamp":"2025-10-01T17:19:03.254Z"}
{"level":"info","message":"blocked or not ","timestamp":"2025-10-01T18:02:52.232Z"}
{"level":"info","message":"blocked or not ","timestamp":"2025-10-01T18:02:52.314Z"}
{"g_state":"{\"i_l\":0}","level":"info","message":"refresh token ","refreshToken":"eyJhbGciOiJIUzI1NiIsInR5cCI6IkpXVCJ9.eyJpZCI6IjY4ZGQ2MjdkNzQwMjMwMmJkYWM3ZmI5MSIsImlhdCI6MTc1OTMzOTEzOSwiZXhwIjoxNzU5OTQzOTM5fQ.P8vPmdTCq0pf0Oy8U8IJZ55QahkiyB81wBFzhjFFT60","rzp_unified_session_id":"ROZ9JelCYgbSFX","timestamp":"2025-10-02T10:08:08.438Z"}
{"level":"info","message":"refresh token ","timestamp":"2025-10-02T10:08:08.447Z"}
{"g_state":"{\"i_l\":0}","level":"info","message":"refresh token ","refreshToken":"eyJhbGciOiJIUzI1NiIsInR5cCI6IkpXVCJ9.eyJpZCI6IjY4ZGQ2MjdkNzQwMjMwMmJkYWM3ZmI5MSIsImlhdCI6MTc1OTMzOTEzOSwiZXhwIjoxNzU5OTQzOTM5fQ.P8vPmdTCq0pf0Oy8U8IJZ55QahkiyB81wBFzhjFFT60","rzp_unified_session_id":"ROZ9JelCYgbSFX","timestamp":"2025-10-02T10:08:08.471Z"}
{"level":"info","message":"refresh token ","timestamp":"2025-10-02T10:08:08.473Z"}
{"level":"info","message":"blocked or not ","timestamp":"2025-10-02T10:08:08.491Z"}
{"level":"info","message":"blocked or not ","timestamp":"2025-10-02T10:08:08.602Z"}
{"level":"info","message":"blocked or not ","timestamp":"2025-10-02T10:08:08.742Z"}
{"level":"info","message":"Login user: user1@gmail.com","timestamp":"2025-10-02T10:08:20.782Z"}
{"level":"info","message":"blocked or not ","timestamp":"2025-10-02T10:08:21.101Z"}
{"level":"info","message":"blocked or not ","timestamp":"2025-10-02T10:08:21.159Z"}
{"level":"info","message":"blocked or not ","timestamp":"2025-10-02T10:08:25.325Z"}
{"level":"info","message":"blocked or not ","timestamp":"2025-10-02T10:08:25.408Z"}
{"level":"info","message":"get Courses user","timestamp":"2025-10-02T10:10:59.851Z"}
{"level":"info","message":"get Courses user","timestamp":"2025-10-02T10:11:00.053Z"}
{"level":"info","message":"blocked or not ","timestamp":"2025-10-02T11:33:37.666Z"}
{"level":"info","message":"blocked or not ","timestamp":"2025-10-02T11:33:38.083Z"}
