{"g_state":"{\"i_l\":0}","level":"info","message":"refresh token ","refreshToken":"eyJhbGciOiJIUzI1NiIsInR5cCI6IkpXVCJ9.eyJpZCI6IjY4NDE2NDFjMTU4NmZlZTBiZmU5MTU4NiIsImlhdCI6MTc1OTY3ODU5OCwiZXhwIjoxNzYwMjgzMzk4fQ.RKh_OOVNxVZIRK5ER_qKtP9ysxsk9Art26KEV9CfD20","rzp_unified_session_id":"RQ34SHy29QJWAE","timestamp":"2025-10-06T04:03:19.866Z"}
{"0":"e","1":"y","10":"J","100":"5","101":"O","102":"C","103":"w","104":"i","105":"Z","106":"X","107":"h","108":"w","109":"I","11":"I","110":"j","111":"o","112":"x","113":"N","114":"z","115":"Y","116":"w","117":"M","118":"j","119":"g","12":"U","120":"z","121":"M","122":"z","123":"k","124":"4","125":"f","126":"Q","127":".","128":"R","129":"K","13":"z","130":"h","131":"_","132":"O","133":"O","134":"V","135":"N","136":"x","137":"V","138":"Z","139":"I","14":"I","140":"R","141":"K","142":"5","143":"E","144":"R","145":"_","146":"q","147":"K","148":"t","149":"P","15":"1","150":"9","151":"y","152":"s","153":"x","154":"s","155":"k","156":"9","157":"A","158":"r","159":"t","16":"N","160":"2","161":"6","162":"K","163":"E","164":"V","165":"9","166":"C","167":"f","168":"D","169":"2","17":"i","170":"0","18":"I","19":"s","2":"J","20":"I","21":"n","22":"R","23":"5","24":"c","25":"C","26":"I","27":"6","28":"I","29":"k","3":"h","30":"p","31":"X","32":"V","33":"C","34":"J","35":"9","36":".","37":"e","38":"y","39":"J","4":"b","40":"p","41":"Z","42":"C","43":"I","44":"6","45":"I","46":"j","47":"Y","48":"4","49":"N","5":"G","50":"D","51":"E","52":"2","53":"N","54":"D","55":"F","56":"j","57":"M","58":"T","59":"U","6":"c","60":"4","61":"N","62":"m","63":"Z","64":"l","65":"Z","66":"T","67":"B","68":"i","69":"Z","7":"i","70":"m","71":"U","72":"5","73":"M","74":"T","75":"U","76":"4","77":"N","78":"i","79":"I","8":"O","80":"s","81":"I","82":"m","83":"l","84":"h","85":"d","86":"C","87":"I","88":"6","89":"M","9":"i","90":"T","91":"c","92":"1","93":"O","94":"T","95":"Y","96":"3","97":"O","98":"D","99":"U","level":"info","message":"refresh token ","timestamp":"2025-10-06T04:03:19.913Z"}
{"g_state":"{\"i_l\":0}","level":"info","message":"refresh token ","refreshToken":"eyJhbGciOiJIUzI1NiIsInR5cCI6IkpXVCJ9.eyJpZCI6IjY4NDE2NDFjMTU4NmZlZTBiZmU5MTU4NiIsImlhdCI6MTc1OTY3ODU5OCwiZXhwIjoxNzYwMjgzMzk4fQ.RKh_OOVNxVZIRK5ER_qKtP9ysxsk9Art26KEV9CfD20","rzp_unified_session_id":"RQ34SHy29QJWAE","timestamp":"2025-10-06T04:03:19.949Z"}
{"0":"e","1":"y","10":"J","100":"5","101":"O","102":"C","103":"w","104":"i","105":"Z","106":"X","107":"h","108":"w","109":"I","11":"I","110":"j","111":"o","112":"x","113":"N","114":"z","115":"Y","116":"w","117":"M","118":"j","119":"g","12":"U","120":"z","121":"M","122":"z","123":"k","124":"4","125":"f","126":"Q","127":".","128":"R","129":"K","13":"z","130":"h","131":"_","132":"O","133":"O","134":"V","135":"N","136":"x","137":"V","138":"Z","139":"I","14":"I","140":"R","141":"K","142":"5","143":"E","144":"R","145":"_","146":"q","147":"K","148":"t","149":"P","15":"1","150":"9","151":"y","152":"s","153":"x","154":"s","155":"k","156":"9","157":"A","158":"r","159":"t","16":"N","160":"2","161":"6","162":"K","163":"E","164":"V","165":"9","166":"C","167":"f","168":"D","169":"2","17":"i","170":"0","18":"I","19":"s","2":"J","20":"I","21":"n","22":"R","23":"5","24":"c","25":"C","26":"I","27":"6","28":"I","29":"k","3":"h","30":"p","31":"X","32":"V","33":"C","34":"J","35":"9","36":".","37":"e","38":"y","39":"J","4":"b","40":"p","41":"Z","42":"C","43":"I","44":"6","45":"I","46":"j","47":"Y","48":"4","49":"N","5":"G","50":"D","51":"E","52":"2","53":"N","54":"D","55":"F","56":"j","57":"M","58":"T","59":"U","6":"c","60":"4","61":"N","62":"m","63":"Z","64":"l","65":"Z","66":"T","67":"B","68":"i","69":"Z","7":"i","70":"m","71":"U","72":"5","73":"M","74":"T","75":"U","76":"4","77":"N","78":"i","79":"I","8":"O","80":"s","81":"I","82":"m","83":"l","84":"h","85":"d","86":"C","87":"I","88":"6","89":"M","9":"i","90":"T","91":"c","92":"1","93":"O","94":"T","95":"Y","96":"3","97":"O","98":"D","99":"U","level":"info","message":"refresh token ","timestamp":"2025-10-06T04:03:19.951Z"}
{"0":"6","1":"8","10":"8","11":"6","12":"f","13":"e","14":"e","15":"0","16":"b","17":"f","18":"e","19":"9","2":"4","20":"1","21":"5","22":"8","23":"6","3":"1","4":"6","5":"4","6":"1","7":"c","8":"1","9":"5","level":"info","message":"blocked or not ","timestamp":"2025-10-06T04:03:20.344Z"}
{"0":"6","1":"8","10":"8","11":"6","12":"f","13":"e","14":"e","15":"0","16":"b","17":"f","18":"e","19":"9","2":"4","20":"1","21":"5","22":"8","23":"6","3":"1","4":"6","5":"4","6":"1","7":"c","8":"1","9":"5","level":"info","message":"blocked or not ","timestamp":"2025-10-06T04:03:20.422Z"}
{"0":"6","1":"8","10":"8","11":"6","12":"f","13":"e","14":"e","15":"0","16":"b","17":"f","18":"e","19":"9","2":"4","20":"1","21":"5","22":"8","23":"6","3":"1","4":"6","5":"4","6":"1","7":"c","8":"1","9":"5","level":"info","message":"blocked or not ","timestamp":"2025-10-06T04:03:20.501Z"}
{"level":"info","message":"get Courses user","timestamp":"2025-10-06T04:03:24.735Z"}
{"level":"info","message":"get Courses user","timestamp":"2025-10-06T04:03:25.529Z"}
{"level":"info","message":"get Courses user","timestamp":"2025-10-06T04:04:27.920Z"}
{"level":"info","message":"get Courses user","timestamp":"2025-10-06T04:04:28.023Z"}
{"level":"info","message":"get Courses user","timestamp":"2025-10-06T04:37:48.919Z"}
{"level":"info","message":"get Courses user","timestamp":"2025-10-06T04:37:49.039Z"}
{"g_state":"{\"i_l\":0}","level":"info","message":"refresh token ","refreshToken":"eyJhbGciOiJIUzI1NiIsInR5cCI6IkpXVCJ9.eyJpZCI6IjY4NDE2NDFjMTU4NmZlZTBiZmU5MTU4NiIsImlhdCI6MTc1OTY3ODU5OCwiZXhwIjoxNzYwMjgzMzk4fQ.RKh_OOVNxVZIRK5ER_qKtP9ysxsk9Art26KEV9CfD20","timestamp":"2025-10-06T05:10:24.722Z"}
{"0":"e","1":"y","10":"J","100":"5","101":"O","102":"C","103":"w","104":"i","105":"Z","106":"X","107":"h","108":"w","109":"I","11":"I","110":"j","111":"o","112":"x","113":"N","114":"z","115":"Y","116":"w","117":"M","118":"j","119":"g","12":"U","120":"z","121":"M","122":"z","123":"k","124":"4","125":"f","126":"Q","127":".","128":"R","129":"K","13":"z","130":"h","131":"_","132":"O","133":"O","134":"V","135":"N","136":"x","137":"V","138":"Z","139":"I","14":"I","140":"R","141":"K","142":"5","143":"E","144":"R","145":"_","146":"q","147":"K","148":"t","149":"P","15":"1","150":"9","151":"y","152":"s","153":"x","154":"s","155":"k","156":"9","157":"A","158":"r","159":"t","16":"N","160":"2","161":"6","162":"K","163":"E","164":"V","165":"9","166":"C","167":"f","168":"D","169":"2","17":"i","170":"0","18":"I","19":"s","2":"J","20":"I","21":"n","22":"R","23":"5","24":"c","25":"C","26":"I","27":"6","28":"I","29":"k","3":"h","30":"p","31":"X","32":"V","33":"C","34":"J","35":"9","36":".","37":"e","38":"y","39":"J","4":"b","40":"p","41":"Z","42":"C","43":"I","44":"6","45":"I","46":"j","47":"Y","48":"4","49":"N","5":"G","50":"D","51":"E","52":"2","53":"N","54":"D","55":"F","56":"j","57":"M","58":"T","59":"U","6":"c","60":"4","61":"N","62":"m","63":"Z","64":"l","65":"Z","66":"T","67":"B","68":"i","69":"Z","7":"i","70":"m","71":"U","72":"5","73":"M","74":"T","75":"U","76":"4","77":"N","78":"i","79":"I","8":"O","80":"s","81":"I","82":"m","83":"l","84":"h","85":"d","86":"C","87":"I","88":"6","89":"M","9":"i","90":"T","91":"c","92":"1","93":"O","94":"T","95":"Y","96":"3","97":"O","98":"D","99":"U","level":"info","message":"refresh token ","timestamp":"2025-10-06T05:10:24.728Z"}
{"g_state":"{\"i_l\":0}","level":"info","message":"refresh token ","refreshToken":"eyJhbGciOiJIUzI1NiIsInR5cCI6IkpXVCJ9.eyJpZCI6IjY4NDE2NDFjMTU4NmZlZTBiZmU5MTU4NiIsImlhdCI6MTc1OTY3ODU5OCwiZXhwIjoxNzYwMjgzMzk4fQ.RKh_OOVNxVZIRK5ER_qKtP9ysxsk9Art26KEV9CfD20","timestamp":"2025-10-06T05:10:24.745Z"}
{"0":"e","1":"y","10":"J","100":"5","101":"O","102":"C","103":"w","104":"i","105":"Z","106":"X","107":"h","108":"w","109":"I","11":"I","110":"j","111":"o","112":"x","113":"N","114":"z","115":"Y","116":"w","117":"M","118":"j","119":"g","12":"U","120":"z","121":"M","122":"z","123":"k","124":"4","125":"f","126":"Q","127":".","128":"R","129":"K","13":"z","130":"h","131":"_","132":"O","133":"O","134":"V","135":"N","136":"x","137":"V","138":"Z","139":"I","14":"I","140":"R","141":"K","142":"5","143":"E","144":"R","145":"_","146":"q","147":"K","148":"t","149":"P","15":"1","150":"9","151":"y","152":"s","153":"x","154":"s","155":"k","156":"9","157":"A","158":"r","159":"t","16":"N","160":"2","161":"6","162":"K","163":"E","164":"V","165":"9","166":"C","167":"f","168":"D","169":"2","17":"i","170":"0","18":"I","19":"s","2":"J","20":"I","21":"n","22":"R","23":"5","24":"c","25":"C","26":"I","27":"6","28":"I","29":"k","3":"h","30":"p","31":"X","32":"V","33":"C","34":"J","35":"9","36":".","37":"e","38":"y","39":"J","4":"b","40":"p","41":"Z","42":"C","43":"I","44":"6","45":"I","46":"j","47":"Y","48":"4","49":"N","5":"G","50":"D","51":"E","52":"2","53":"N","54":"D","55":"F","56":"j","57":"M","58":"T","59":"U","6":"c","60":"4","61":"N","62":"m","63":"Z","64":"l","65":"Z","66":"T","67":"B","68":"i","69":"Z","7":"i","70":"m","71":"U","72":"5","73":"M","74":"T","75":"U","76":"4","77":"N","78":"i","79":"I","8":"O","80":"s","81":"I","82":"m","83":"l","84":"h","85":"d","86":"C","87":"I","88":"6","89":"M","9":"i","90":"T","91":"c","92":"1","93":"O","94":"T","95":"Y","96":"3","97":"O","98":"D","99":"U","level":"info","message":"refresh token ","timestamp":"2025-10-06T05:10:24.746Z"}
{"level":"info","message":"get Courses user","timestamp":"2025-10-06T05:10:32.046Z"}
{"level":"info","message":"get Courses user","timestamp":"2025-10-06T05:10:32.271Z"}
{"level":"info","message":"get Courses user","timestamp":"2025-10-06T07:16:23.141Z"}
{"level":"info","message":"get Courses user","timestamp":"2025-10-06T07:16:23.475Z"}
{"level":"info","message":"get Courses user","timestamp":"2025-10-06T07:16:48.310Z"}
{"level":"info","message":"get Courses user","timestamp":"2025-10-06T07:16:48.389Z"}
{"g_state":"{\"i_l\":0}","level":"info","message":"refresh token ","refreshToken":"eyJhbGciOiJIUzI1NiIsInR5cCI6IkpXVCJ9.eyJpZCI6IjY4NDE2NDFjMTU4NmZlZTBiZmU5MTU4NiIsImlhdCI6MTc1OTY3ODU5OCwiZXhwIjoxNzYwMjgzMzk4fQ.RKh_OOVNxVZIRK5ER_qKtP9ysxsk9Art26KEV9CfD20","rzp_unified_session_id":"RQ8bPka62CuSUX","timestamp":"2025-10-06T09:27:58.660Z"}
{"0":"e","1":"y","10":"J","100":"5","101":"O","102":"C","103":"w","104":"i","105":"Z","106":"X","107":"h","108":"w","109":"I","11":"I","110":"j","111":"o","112":"x","113":"N","114":"z","115":"Y","116":"w","117":"M","118":"j","119":"g","12":"U","120":"z","121":"M","122":"z","123":"k","124":"4","125":"f","126":"Q","127":".","128":"R","129":"K","13":"z","130":"h","131":"_","132":"O","133":"O","134":"V","135":"N","136":"x","137":"V","138":"Z","139":"I","14":"I","140":"R","141":"K","142":"5","143":"E","144":"R","145":"_","146":"q","147":"K","148":"t","149":"P","15":"1","150":"9","151":"y","152":"s","153":"x","154":"s","155":"k","156":"9","157":"A","158":"r","159":"t","16":"N","160":"2","161":"6","162":"K","163":"E","164":"V","165":"9","166":"C","167":"f","168":"D","169":"2","17":"i","170":"0","18":"I","19":"s","2":"J","20":"I","21":"n","22":"R","23":"5","24":"c","25":"C","26":"I","27":"6","28":"I","29":"k","3":"h","30":"p","31":"X","32":"V","33":"C","34":"J","35":"9","36":".","37":"e","38":"y","39":"J","4":"b","40":"p","41":"Z","42":"C","43":"I","44":"6","45":"I","46":"j","47":"Y","48":"4","49":"N","5":"G","50":"D","51":"E","52":"2","53":"N","54":"D","55":"F","56":"j","57":"M","58":"T","59":"U","6":"c","60":"4","61":"N","62":"m","63":"Z","64":"l","65":"Z","66":"T","67":"B","68":"i","69":"Z","7":"i","70":"m","71":"U","72":"5","73":"M","74":"T","75":"U","76":"4","77":"N","78":"i","79":"I","8":"O","80":"s","81":"I","82":"m","83":"l","84":"h","85":"d","86":"C","87":"I","88":"6","89":"M","9":"i","90":"T","91":"c","92":"1","93":"O","94":"T","95":"Y","96":"3","97":"O","98":"D","99":"U","level":"info","message":"refresh token ","timestamp":"2025-10-06T09:27:58.665Z"}
{"g_state":"{\"i_l\":0}","level":"info","message":"refresh token ","refreshToken":"eyJhbGciOiJIUzI1NiIsInR5cCI6IkpXVCJ9.eyJpZCI6IjY4NDE2NDFjMTU4NmZlZTBiZmU5MTU4NiIsImlhdCI6MTc1OTY3ODU5OCwiZXhwIjoxNzYwMjgzMzk4fQ.RKh_OOVNxVZIRK5ER_qKtP9ysxsk9Art26KEV9CfD20","rzp_unified_session_id":"RQ8bPka62CuSUX","timestamp":"2025-10-06T09:27:58.676Z"}
{"0":"e","1":"y","10":"J","100":"5","101":"O","102":"C","103":"w","104":"i","105":"Z","106":"X","107":"h","108":"w","109":"I","11":"I","110":"j","111":"o","112":"x","113":"N","114":"z","115":"Y","116":"w","117":"M","118":"j","119":"g","12":"U","120":"z","121":"M","122":"z","123":"k","124":"4","125":"f","126":"Q","127":".","128":"R","129":"K","13":"z","130":"h","131":"_","132":"O","133":"O","134":"V","135":"N","136":"x","137":"V","138":"Z","139":"I","14":"I","140":"R","141":"K","142":"5","143":"E","144":"R","145":"_","146":"q","147":"K","148":"t","149":"P","15":"1","150":"9","151":"y","152":"s","153":"x","154":"s","155":"k","156":"9","157":"A","158":"r","159":"t","16":"N","160":"2","161":"6","162":"K","163":"E","164":"V","165":"9","166":"C","167":"f","168":"D","169":"2","17":"i","170":"0","18":"I","19":"s","2":"J","20":"I","21":"n","22":"R","23":"5","24":"c","25":"C","26":"I","27":"6","28":"I","29":"k","3":"h","30":"p","31":"X","32":"V","33":"C","34":"J","35":"9","36":".","37":"e","38":"y","39":"J","4":"b","40":"p","41":"Z","42":"C","43":"I","44":"6","45":"I","46":"j","47":"Y","48":"4","49":"N","5":"G","50":"D","51":"E","52":"2","53":"N","54":"D","55":"F","56":"j","57":"M","58":"T","59":"U","6":"c","60":"4","61":"N","62":"m","63":"Z","64":"l","65":"Z","66":"T","67":"B","68":"i","69":"Z","7":"i","70":"m","71":"U","72":"5","73":"M","74":"T","75":"U","76":"4","77":"N","78":"i","79":"I","8":"O","80":"s","81":"I","82":"m","83":"l","84":"h","85":"d","86":"C","87":"I","88":"6","89":"M","9":"i","90":"T","91":"c","92":"1","93":"O","94":"T","95":"Y","96":"3","97":"O","98":"D","99":"U","level":"info","message":"refresh token ","timestamp":"2025-10-06T09:27:58.677Z"}
{"0":"6","1":"8","10":"8","11":"6","12":"f","13":"e","14":"e","15":"0","16":"b","17":"f","18":"e","19":"9","2":"4","20":"1","21":"5","22":"8","23":"6","3":"1","4":"6","5":"4","6":"1","7":"c","8":"1","9":"5","level":"info","message":"blocked or not ","timestamp":"2025-10-06T09:27:58.743Z"}
{"0":"6","1":"8","10":"8","11":"6","12":"f","13":"e","14":"e","15":"0","16":"b","17":"f","18":"e","19":"9","2":"4","20":"1","21":"5","22":"8","23":"6","3":"1","4":"6","5":"4","6":"1","7":"c","8":"1","9":"5","level":"info","message":"blocked or not ","timestamp":"2025-10-06T09:27:58.828Z"}
{"0":"6","1":"8","10":"8","11":"6","12":"f","13":"e","14":"e","15":"0","16":"b","17":"f","18":"e","19":"9","2":"4","20":"1","21":"5","22":"8","23":"6","3":"1","4":"6","5":"4","6":"1","7":"c","8":"1","9":"5","level":"info","message":"blocked or not ","timestamp":"2025-10-06T09:27:58.918Z"}
{"level":"info","message":"get Courses user","timestamp":"2025-10-06T09:30:37.015Z"}
{"level":"info","message":"get Courses user","timestamp":"2025-10-06T09:30:37.147Z"}
{"level":"info","message":"get Courses user","timestamp":"2025-10-06T09:33:56.663Z"}
{"level":"info","message":"get Courses user","timestamp":"2025-10-06T09:33:56.800Z"}
{"level":"info","message":[],"timestamp":"2025-10-06T09:35:22.518Z"}
{"level":"info","message":"get Courses user","timestamp":"2025-10-06T09:35:22.626Z"}
{"level":"info","message":"get Courses user","timestamp":"2025-10-06T09:35:22.802Z"}
{"level":"info","message":"get Courses user","timestamp":"2025-10-06T09:37:35.223Z"}
{"level":"info","message":"get Courses user","timestamp":"2025-10-06T09:37:35.413Z"}
{"level":"info","message":"get Courses user","timestamp":"2025-10-06T09:37:48.994Z"}
{"level":"info","message":"get Courses user","timestamp":"2025-10-06T09:37:49.098Z"}
{"level":"info","message":[],"timestamp":"2025-10-06T09:40:36.545Z"}
{"level":"info","message":[],"timestamp":"2025-10-06T09:40:38.787Z"}
{"level":"info","message":[],"timestamp":"2025-10-06T09:40:51.442Z"}
{"level":"info","message":"get Courses user","timestamp":"2025-10-06T09:40:51.536Z"}
{"level":"info","message":"get Courses user","timestamp":"2025-10-06T09:40:51.621Z"}
{"level":"info","message":"get Courses user","timestamp":"2025-10-06T09:42:40.330Z"}
{"level":"info","message":"get Courses user","timestamp":"2025-10-06T09:42:40.434Z"}
{"level":"info","message":"get Courses user","timestamp":"2025-10-06T09:48:41.385Z"}
{"level":"info","message":"get Courses user","timestamp":"2025-10-06T09:48:41.558Z"}
{"level":"info","message":"get Courses user","timestamp":"2025-10-06T09:54:38.364Z"}
{"level":"info","message":"get Courses user","timestamp":"2025-10-06T09:54:38.464Z"}
{"level":"info","message":"get Courses user","timestamp":"2025-10-06T13:27:33.066Z"}
{"level":"info","message":"get Courses user","timestamp":"2025-10-06T13:27:33.160Z"}
{"level":"info","message":"get Courses user","timestamp":"2025-10-06T13:27:51.913Z"}
{"level":"info","message":"get Courses user","timestamp":"2025-10-06T13:27:51.989Z"}
{"g_state":"{\"i_l\":0}","level":"info","message":"refresh token ","refreshToken":"eyJhbGciOiJIUzI1NiIsInR5cCI6IkpXVCJ9.eyJpZCI6IjY4NDE2NDFjMTU4NmZlZTBiZmU5MTU4NiIsImlhdCI6MTc1OTY3ODU5OCwiZXhwIjoxNzYwMjgzMzk4fQ.RKh_OOVNxVZIRK5ER_qKtP9ysxsk9Art26KEV9CfD20","rzp_unified_session_id":"RQCgINiFnMkTrN","timestamp":"2025-10-06T13:38:54.634Z"}
{"0":"e","1":"y","10":"J","100":"5","101":"O","102":"C","103":"w","104":"i","105":"Z","106":"X","107":"h","108":"w","109":"I","11":"I","110":"j","111":"o","112":"x","113":"N","114":"z","115":"Y","116":"w","117":"M","118":"j","119":"g","12":"U","120":"z","121":"M","122":"z","123":"k","124":"4","125":"f","126":"Q","127":".","128":"R","129":"K","13":"z","130":"h","131":"_","132":"O","133":"O","134":"V","135":"N","136":"x","137":"V","138":"Z","139":"I","14":"I","140":"R","141":"K","142":"5","143":"E","144":"R","145":"_","146":"q","147":"K","148":"t","149":"P","15":"1","150":"9","151":"y","152":"s","153":"x","154":"s","155":"k","156":"9","157":"A","158":"r","159":"t","16":"N","160":"2","161":"6","162":"K","163":"E","164":"V","165":"9","166":"C","167":"f","168":"D","169":"2","17":"i","170":"0","18":"I","19":"s","2":"J","20":"I","21":"n","22":"R","23":"5","24":"c","25":"C","26":"I","27":"6","28":"I","29":"k","3":"h","30":"p","31":"X","32":"V","33":"C","34":"J","35":"9","36":".","37":"e","38":"y","39":"J","4":"b","40":"p","41":"Z","42":"C","43":"I","44":"6","45":"I","46":"j","47":"Y","48":"4","49":"N","5":"G","50":"D","51":"E","52":"2","53":"N","54":"D","55":"F","56":"j","57":"M","58":"T","59":"U","6":"c","60":"4","61":"N","62":"m","63":"Z","64":"l","65":"Z","66":"T","67":"B","68":"i","69":"Z","7":"i","70":"m","71":"U","72":"5","73":"M","74":"T","75":"U","76":"4","77":"N","78":"i","79":"I","8":"O","80":"s","81":"I","82":"m","83":"l","84":"h","85":"d","86":"C","87":"I","88":"6","89":"M","9":"i","90":"T","91":"c","92":"1","93":"O","94":"T","95":"Y","96":"3","97":"O","98":"D","99":"U","level":"info","message":"refresh token ","timestamp":"2025-10-06T13:38:54.638Z"}
{"g_state":"{\"i_l\":0}","level":"info","message":"refresh token ","refreshToken":"eyJhbGciOiJIUzI1NiIsInR5cCI6IkpXVCJ9.eyJpZCI6IjY4NDE2NDFjMTU4NmZlZTBiZmU5MTU4NiIsImlhdCI6MTc1OTY3ODU5OCwiZXhwIjoxNzYwMjgzMzk4fQ.RKh_OOVNxVZIRK5ER_qKtP9ysxsk9Art26KEV9CfD20","rzp_unified_session_id":"RQCgINiFnMkTrN","timestamp":"2025-10-06T13:38:54.650Z"}
{"0":"e","1":"y","10":"J","100":"5","101":"O","102":"C","103":"w","104":"i","105":"Z","106":"X","107":"h","108":"w","109":"I","11":"I","110":"j","111":"o","112":"x","113":"N","114":"z","115":"Y","116":"w","117":"M","118":"j","119":"g","12":"U","120":"z","121":"M","122":"z","123":"k","124":"4","125":"f","126":"Q","127":".","128":"R","129":"K","13":"z","130":"h","131":"_","132":"O","133":"O","134":"V","135":"N","136":"x","137":"V","138":"Z","139":"I","14":"I","140":"R","141":"K","142":"5","143":"E","144":"R","145":"_","146":"q","147":"K","148":"t","149":"P","15":"1","150":"9","151":"y","152":"s","153":"x","154":"s","155":"k","156":"9","157":"A","158":"r","159":"t","16":"N","160":"2","161":"6","162":"K","163":"E","164":"V","165":"9","166":"C","167":"f","168":"D","169":"2","17":"i","170":"0","18":"I","19":"s","2":"J","20":"I","21":"n","22":"R","23":"5","24":"c","25":"C","26":"I","27":"6","28":"I","29":"k","3":"h","30":"p","31":"X","32":"V","33":"C","34":"J","35":"9","36":".","37":"e","38":"y","39":"J","4":"b","40":"p","41":"Z","42":"C","43":"I","44":"6","45":"I","46":"j","47":"Y","48":"4","49":"N","5":"G","50":"D","51":"E","52":"2","53":"N","54":"D","55":"F","56":"j","57":"M","58":"T","59":"U","6":"c","60":"4","61":"N","62":"m","63":"Z","64":"l","65":"Z","66":"T","67":"B","68":"i","69":"Z","7":"i","70":"m","71":"U","72":"5","73":"M","74":"T","75":"U","76":"4","77":"N","78":"i","79":"I","8":"O","80":"s","81":"I","82":"m","83":"l","84":"h","85":"d","86":"C","87":"I","88":"6","89":"M","9":"i","90":"T","91":"c","92":"1","93":"O","94":"T","95":"Y","96":"3","97":"O","98":"D","99":"U","level":"info","message":"refresh token ","timestamp":"2025-10-06T13:38:54.651Z"}
{"0":"6","1":"8","10":"8","11":"6","12":"f","13":"e","14":"e","15":"0","16":"b","17":"f","18":"e","19":"9","2":"4","20":"1","21":"5","22":"8","23":"6","3":"1","4":"6","5":"4","6":"1","7":"c","8":"1","9":"5","level":"info","message":"blocked or not ","timestamp":"2025-10-06T13:38:54.714Z"}
{"0":"6","1":"8","10":"8","11":"6","12":"f","13":"e","14":"e","15":"0","16":"b","17":"f","18":"e","19":"9","2":"4","20":"1","21":"5","22":"8","23":"6","3":"1","4":"6","5":"4","6":"1","7":"c","8":"1","9":"5","level":"info","message":"blocked or not ","timestamp":"2025-10-06T13:38:54.791Z"}
{"0":"6","1":"8","10":"8","11":"6","12":"f","13":"e","14":"e","15":"0","16":"b","17":"f","18":"e","19":"9","2":"4","20":"1","21":"5","22":"8","23":"6","3":"1","4":"6","5":"4","6":"1","7":"c","8":"1","9":"5","level":"info","message":"blocked or not ","timestamp":"2025-10-06T13:38:54.875Z"}
{"level":"info","message":"get Courses user","timestamp":"2025-10-06T13:50:43.554Z"}
{"level":"info","message":"get Courses user","timestamp":"2025-10-06T13:50:43.653Z"}
{"level":"info","message":"get Courses user","timestamp":"2025-10-06T15:31:46.557Z"}
{"level":"info","message":"get Courses user","timestamp":"2025-10-06T15:31:46.760Z"}
{"level":"info","message":"get Courses user","timestamp":"2025-10-06T15:31:49.302Z"}
{"level":"info","message":"get Courses user","timestamp":"2025-10-06T15:31:49.391Z"}
{"level":"info","message":"get Courses user","timestamp":"2025-10-06T15:32:01.649Z"}
{"level":"info","message":"get Courses user","timestamp":"2025-10-06T15:32:01.743Z"}
{"level":"info","message":"get Courses user","timestamp":"2025-10-06T15:32:15.182Z"}
{"level":"info","message":"get Courses user","timestamp":"2025-10-06T15:32:15.285Z"}
{"level":"info","message":"get Courses user","timestamp":"2025-10-06T15:32:26.142Z"}
{"level":"info","message":"get Courses user","timestamp":"2025-10-06T15:32:26.229Z"}
{"level":"info","message":"get Courses user","timestamp":"2025-10-06T15:32:36.798Z"}
{"level":"info","message":"get Courses user","timestamp":"2025-10-06T15:32:36.889Z"}
{"level":"info","message":"get Courses user","timestamp":"2025-10-06T15:32:49.548Z"}
{"level":"info","message":"get Courses user","timestamp":"2025-10-06T15:32:49.647Z"}
{"level":"info","message":"get Courses user","timestamp":"2025-10-06T15:32:53.713Z"}
{"level":"info","message":"get Courses user","timestamp":"2025-10-06T15:32:53.817Z"}
{"level":"info","message":"get Courses user","timestamp":"2025-10-06T15:33:13.728Z"}
{"level":"info","message":"get Courses user","timestamp":"2025-10-06T15:33:13.808Z"}
{"level":"info","message":"get Courses user","timestamp":"2025-10-06T15:33:33.045Z"}
{"level":"info","message":"get Courses user","timestamp":"2025-10-06T15:33:33.115Z"}
{"level":"info","message":"get Courses user","timestamp":"2025-10-06T15:33:59.729Z"}
{"level":"info","message":"get Courses user","timestamp":"2025-10-06T15:33:59.810Z"}
{"level":"info","message":"get Courses user","timestamp":"2025-10-06T15:34:11.299Z"}
{"level":"info","message":"get Courses user","timestamp":"2025-10-06T15:34:11.379Z"}
{"g_state":"{\"i_l\":0}","level":"info","message":"refresh token ","refreshToken":"eyJhbGciOiJIUzI1NiIsInR5cCI6IkpXVCJ9.eyJpZCI6IjY4NDE2NDFjMTU4NmZlZTBiZmU5MTU4NiIsImlhdCI6MTc1OTY3ODU5OCwiZXhwIjoxNzYwMjgzMzk4fQ.RKh_OOVNxVZIRK5ER_qKtP9ysxsk9Art26KEV9CfD20","rzp_unified_session_id":"RQEqlM5w8G6e5v","timestamp":"2025-10-06T15:34:40.904Z"}
{"0":"e","1":"y","10":"J","100":"5","101":"O","102":"C","103":"w","104":"i","105":"Z","106":"X","107":"h","108":"w","109":"I","11":"I","110":"j","111":"o","112":"x","113":"N","114":"z","115":"Y","116":"w","117":"M","118":"j","119":"g","12":"U","120":"z","121":"M","122":"z","123":"k","124":"4","125":"f","126":"Q","127":".","128":"R","129":"K","13":"z","130":"h","131":"_","132":"O","133":"O","134":"V","135":"N","136":"x","137":"V","138":"Z","139":"I","14":"I","140":"R","141":"K","142":"5","143":"E","144":"R","145":"_","146":"q","147":"K","148":"t","149":"P","15":"1","150":"9","151":"y","152":"s","153":"x","154":"s","155":"k","156":"9","157":"A","158":"r","159":"t","16":"N","160":"2","161":"6","162":"K","163":"E","164":"V","165":"9","166":"C","167":"f","168":"D","169":"2","17":"i","170":"0","18":"I","19":"s","2":"J","20":"I","21":"n","22":"R","23":"5","24":"c","25":"C","26":"I","27":"6","28":"I","29":"k","3":"h","30":"p","31":"X","32":"V","33":"C","34":"J","35":"9","36":".","37":"e","38":"y","39":"J","4":"b","40":"p","41":"Z","42":"C","43":"I","44":"6","45":"I","46":"j","47":"Y","48":"4","49":"N","5":"G","50":"D","51":"E","52":"2","53":"N","54":"D","55":"F","56":"j","57":"M","58":"T","59":"U","6":"c","60":"4","61":"N","62":"m","63":"Z","64":"l","65":"Z","66":"T","67":"B","68":"i","69":"Z","7":"i","70":"m","71":"U","72":"5","73":"M","74":"T","75":"U","76":"4","77":"N","78":"i","79":"I","8":"O","80":"s","81":"I","82":"m","83":"l","84":"h","85":"d","86":"C","87":"I","88":"6","89":"M","9":"i","90":"T","91":"c","92":"1","93":"O","94":"T","95":"Y","96":"3","97":"O","98":"D","99":"U","level":"info","message":"refresh token ","timestamp":"2025-10-06T15:34:40.904Z"}
{"g_state":"{\"i_l\":0}","level":"info","message":"refresh token ","refreshToken":"eyJhbGciOiJIUzI1NiIsInR5cCI6IkpXVCJ9.eyJpZCI6IjY4NDE2NDFjMTU4NmZlZTBiZmU5MTU4NiIsImlhdCI6MTc1OTY3ODU5OCwiZXhwIjoxNzYwMjgzMzk4fQ.RKh_OOVNxVZIRK5ER_qKtP9ysxsk9Art26KEV9CfD20","rzp_unified_session_id":"RQEqlM5w8G6e5v","timestamp":"2025-10-06T15:34:40.914Z"}
{"0":"e","1":"y","10":"J","100":"5","101":"O","102":"C","103":"w","104":"i","105":"Z","106":"X","107":"h","108":"w","109":"I","11":"I","110":"j","111":"o","112":"x","113":"N","114":"z","115":"Y","116":"w","117":"M","118":"j","119":"g","12":"U","120":"z","121":"M","122":"z","123":"k","124":"4","125":"f","126":"Q","127":".","128":"R","129":"K","13":"z","130":"h","131":"_","132":"O","133":"O","134":"V","135":"N","136":"x","137":"V","138":"Z","139":"I","14":"I","140":"R","141":"K","142":"5","143":"E","144":"R","145":"_","146":"q","147":"K","148":"t","149":"P","15":"1","150":"9","151":"y","152":"s","153":"x","154":"s","155":"k","156":"9","157":"A","158":"r","159":"t","16":"N","160":"2","161":"6","162":"K","163":"E","164":"V","165":"9","166":"C","167":"f","168":"D","169":"2","17":"i","170":"0","18":"I","19":"s","2":"J","20":"I","21":"n","22":"R","23":"5","24":"c","25":"C","26":"I","27":"6","28":"I","29":"k","3":"h","30":"p","31":"X","32":"V","33":"C","34":"J","35":"9","36":".","37":"e","38":"y","39":"J","4":"b","40":"p","41":"Z","42":"C","43":"I","44":"6","45":"I","46":"j","47":"Y","48":"4","49":"N","5":"G","50":"D","51":"E","52":"2","53":"N","54":"D","55":"F","56":"j","57":"M","58":"T","59":"U","6":"c","60":"4","61":"N","62":"m","63":"Z","64":"l","65":"Z","66":"T","67":"B","68":"i","69":"Z","7":"i","70":"m","71":"U","72":"5","73":"M","74":"T","75":"U","76":"4","77":"N","78":"i","79":"I","8":"O","80":"s","81":"I","82":"m","83":"l","84":"h","85":"d","86":"C","87":"I","88":"6","89":"M","9":"i","90":"T","91":"c","92":"1","93":"O","94":"T","95":"Y","96":"3","97":"O","98":"D","99":"U","level":"info","message":"refresh token ","timestamp":"2025-10-06T15:34:40.915Z"}
{"0":"6","1":"8","10":"8","11":"6","12":"f","13":"e","14":"e","15":"0","16":"b","17":"f","18":"e","19":"9","2":"4","20":"1","21":"5","22":"8","23":"6","3":"1","4":"6","5":"4","6":"1","7":"c","8":"1","9":"5","level":"info","message":"blocked or not ","timestamp":"2025-10-06T15:34:40.973Z"}
{"0":"6","1":"8","10":"8","11":"6","12":"f","13":"e","14":"e","15":"0","16":"b","17":"f","18":"e","19":"9","2":"4","20":"1","21":"5","22":"8","23":"6","3":"1","4":"6","5":"4","6":"1","7":"c","8":"1","9":"5","level":"info","message":"blocked or not ","timestamp":"2025-10-06T15:34:41.065Z"}
{"0":"6","1":"8","10":"8","11":"6","12":"f","13":"e","14":"e","15":"0","16":"b","17":"f","18":"e","19":"9","2":"4","20":"1","21":"5","22":"8","23":"6","3":"1","4":"6","5":"4","6":"1","7":"c","8":"1","9":"5","level":"info","message":"blocked or not ","timestamp":"2025-10-06T15:34:41.147Z"}
{"0":"6","1":"8","10":"8","11":"6","12":"f","13":"e","14":"e","15":"0","16":"b","17":"f","18":"e","19":"9","2":"4","20":"1","21":"5","22":"8","23":"6","3":"1","4":"6","5":"4","6":"1","7":"c","8":"1","9":"5","level":"info","message":"blocked or not ","timestamp":"2025-10-06T15:34:45.996Z"}
{"0":"6","1":"8","10":"8","11":"6","12":"f","13":"e","14":"e","15":"0","16":"b","17":"f","18":"e","19":"9","2":"4","20":"1","21":"5","22":"8","23":"6","3":"1","4":"6","5":"4","6":"1","7":"c","8":"1","9":"5","level":"info","message":"blocked or not ","timestamp":"2025-10-06T15:34:46.066Z"}
{"0":"6","1":"8","10":"8","11":"6","12":"f","13":"e","14":"e","15":"0","16":"b","17":"f","18":"e","19":"9","2":"4","20":"1","21":"5","22":"8","23":"6","3":"1","4":"6","5":"4","6":"1","7":"c","8":"1","9":"5","level":"info","message":"blocked or not ","timestamp":"2025-10-06T15:34:46.132Z"}
{"0":"6","1":"8","10":"8","11":"6","12":"f","13":"e","14":"e","15":"0","16":"b","17":"f","18":"e","19":"9","2":"4","20":"1","21":"5","22":"8","23":"6","3":"1","4":"6","5":"4","6":"1","7":"c","8":"1","9":"5","level":"info","message":"blocked or not ","timestamp":"2025-10-06T15:34:46.202Z"}
{"0":"6","1":"8","10":"8","11":"6","12":"f","13":"e","14":"e","15":"0","16":"b","17":"f","18":"e","19":"9","2":"4","20":"1","21":"5","22":"8","23":"6","3":"1","4":"6","5":"4","6":"1","7":"c","8":"1","9":"5","level":"info","message":"blocked or not ","timestamp":"2025-10-06T15:34:46.315Z"}
{"0":"6","1":"8","10":"8","11":"6","12":"f","13":"e","14":"e","15":"0","16":"b","17":"f","18":"e","19":"9","2":"4","20":"1","21":"5","22":"8","23":"6","3":"1","4":"6","5":"4","6":"1","7":"c","8":"1","9":"5","level":"info","message":"blocked or not ","timestamp":"2025-10-06T15:34:46.393Z"}
{"level":"info","message":"get Courses user","timestamp":"2025-10-06T15:58:45.431Z"}
{"level":"info","message":"get Courses user","timestamp":"2025-10-06T15:58:45.561Z"}
{"g_state":"{\"i_l\":0}","level":"info","message":"refresh token ","timestamp":"2025-10-06T16:30:31.755Z"}
{"level":"info","message":"refresh token ","timestamp":"2025-10-06T16:30:31.763Z"}
{"g_state":"{\"i_l\":0}","level":"info","message":"refresh token ","timestamp":"2025-10-06T16:30:31.767Z"}
{"level":"info","message":"refresh token ","timestamp":"2025-10-06T16:30:31.767Z"}
{"level":"info","message":"Login user: user1@gmail.com","timestamp":"2025-10-06T16:30:37.960Z"}
{"0":"6","1":"8","10":"8","11":"6","12":"f","13":"e","14":"e","15":"0","16":"b","17":"f","18":"e","19":"9","2":"4","20":"1","21":"5","22":"8","23":"6","3":"1","4":"6","5":"4","6":"1","7":"c","8":"1","9":"5","level":"info","message":"blocked or not ","timestamp":"2025-10-06T16:30:38.216Z"}
{"0":"6","1":"8","10":"8","11":"6","12":"f","13":"e","14":"e","15":"0","16":"b","17":"f","18":"e","19":"9","2":"4","20":"1","21":"5","22":"8","23":"6","3":"1","4":"6","5":"4","6":"1","7":"c","8":"1","9":"5","level":"info","message":"blocked or not ","timestamp":"2025-10-06T16:30:38.318Z"}
{"0":{"__v":0,"_id":"68df8c3b31ff6c4a778ad2c6","createdAt":"2025-10-03T08:41:31.640Z","enrolledAt":"2025-10-03T08:41:31.633Z","eventId":"68a9fee98f0d5a90f4b31bc1","status":"enrolled","updatedAt":"2025-10-03T08:41:31.640Z","userId":"6841641c1586fee0bfe91586"},"level":"info","message":"evetnssss","timestamp":"2025-10-06T16:30:38.453Z"}
{"0":{"__v":0,"_id":"68df8c3b31ff6c4a778ad2c6","createdAt":"2025-10-03T08:41:31.640Z","enrolledAt":"2025-10-03T08:41:31.633Z","eventId":"68a9fee98f0d5a90f4b31bc1","status":"enrolled","updatedAt":"2025-10-03T08:41:31.640Z","userId":"6841641c1586fee0bfe91586"},"level":"info","message":"evetnssss","timestamp":"2025-10-06T16:30:38.546Z"}
{"level":"info","message":"get Courses user","timestamp":"2025-10-06T17:45:41.215Z"}
{"level":"info","message":"get Courses user","timestamp":"2025-10-06T17:45:41.568Z"}
{"0":"6","1":"8","10":"8","11":"6","12":"f","13":"e","14":"e","15":"0","16":"b","17":"f","18":"e","19":"9","2":"4","20":"1","21":"5","22":"8","23":"6","3":"1","4":"6","5":"4","6":"1","7":"c","8":"1","9":"5","level":"info","message":"blocked or not ","timestamp":"2025-10-06T17:46:56.620Z"}
{"0":"6","1":"8","10":"8","11":"6","12":"f","13":"e","14":"e","15":"0","16":"b","17":"f","18":"e","19":"9","2":"4","20":"1","21":"5","22":"8","23":"6","3":"1","4":"6","5":"4","6":"1","7":"c","8":"1","9":"5","level":"info","message":"blocked or not ","timestamp":"2025-10-06T17:46:56.768Z"}
{"0":{"__v":0,"_id":"68df8c3b31ff6c4a778ad2c6","createdAt":"2025-10-03T08:41:31.640Z","enrolledAt":"2025-10-03T08:41:31.633Z","eventId":"68a9fee98f0d5a90f4b31bc1","status":"enrolled","updatedAt":"2025-10-03T08:41:31.640Z","userId":"6841641c1586fee0bfe91586"},"level":"info","message":"evetnssss","timestamp":"2025-10-06T17:53:08.184Z"}
{"0":{"__v":0,"_id":"68df8c3b31ff6c4a778ad2c6","createdAt":"2025-10-03T08:41:31.640Z","enrolledAt":"2025-10-03T08:41:31.633Z","eventId":"68a9fee98f0d5a90f4b31bc1","status":"enrolled","updatedAt":"2025-10-03T08:41:31.640Z","userId":"6841641c1586fee0bfe91586"},"level":"info","message":"evetnssss","timestamp":"2025-10-06T17:53:08.302Z"}
{"0":"6","1":"8","10":"8","11":"6","12":"f","13":"e","14":"e","15":"0","16":"b","17":"f","18":"e","19":"9","2":"4","20":"1","21":"5","22":"8","23":"6","3":"1","4":"6","5":"4","6":"1","7":"c","8":"1","9":"5","level":"info","message":"blocked or not ","timestamp":"2025-10-06T17:53:15.373Z"}
{"0":"6","1":"8","10":"8","11":"6","12":"f","13":"e","14":"e","15":"0","16":"b","17":"f","18":"e","19":"9","2":"4","20":"1","21":"5","22":"8","23":"6","3":"1","4":"6","5":"4","6":"1","7":"c","8":"1","9":"5","level":"info","message":"blocked or not ","timestamp":"2025-10-06T17:53:15.457Z"}
{"0":"6","1":"8","10":"8","11":"6","12":"f","13":"e","14":"e","15":"0","16":"b","17":"f","18":"e","19":"9","2":"4","20":"1","21":"5","22":"8","23":"6","3":"1","4":"6","5":"4","6":"1","7":"c","8":"1","9":"5","level":"info","message":"blocked or not ","timestamp":"2025-10-06T18:07:58.134Z"}
{"0":"6","1":"8","10":"8","11":"6","12":"f","13":"e","14":"e","15":"0","16":"b","17":"f","18":"e","19":"9","2":"4","20":"1","21":"5","22":"8","23":"6","3":"1","4":"6","5":"4","6":"1","7":"c","8":"1","9":"5","level":"info","message":"blocked or not ","timestamp":"2025-10-06T18:07:58.246Z"}
{"0":"6","1":"8","10":"8","11":"6","12":"f","13":"e","14":"e","15":"0","16":"b","17":"f","18":"e","19":"9","2":"4","20":"1","21":"5","22":"8","23":"6","3":"1","4":"6","5":"4","6":"1","7":"c","8":"1","9":"5","level":"info","message":"blocked or not ","timestamp":"2025-10-06T18:28:03.304Z"}
{"0":"6","1":"8","10":"8","11":"6","12":"f","13":"e","14":"e","15":"0","16":"b","17":"f","18":"e","19":"9","2":"4","20":"1","21":"5","22":"8","23":"6","3":"1","4":"6","5":"4","6":"1","7":"c","8":"1","9":"5","level":"info","message":"blocked or not ","timestamp":"2025-10-06T18:28:03.555Z"}
