{"0":"6","1":"8","10":"8","11":"6","12":"f","13":"e","14":"e","15":"0","16":"b","17":"f","18":"e","19":"9","2":"4","20":"1","21":"5","22":"8","23":"6","3":"1","4":"6","5":"4","6":"1","7":"c","8":"1","9":"5","level":"info","message":"blocked or not ","timestamp":"2025-10-14T04:54:12.439Z"}
{"0":"6","1":"8","10":"8","11":"6","12":"f","13":"e","14":"e","15":"0","16":"b","17":"f","18":"e","19":"9","2":"4","20":"1","21":"5","22":"8","23":"6","3":"1","4":"6","5":"4","6":"1","7":"c","8":"1","9":"5","level":"info","message":"blocked or not ","timestamp":"2025-10-14T04:54:12.541Z"}
{"g_state":"{\"i_l\":0,\"i_ll\":1760342869290,\"i_b\":\"Gv5MQvUbRB7pF0N7p2nN7Ykki9ckF8479mzGu1NktcI\"}","level":"info","message":"refresh token ","rzp_unified_session_id":"RTITLEg0fWu0iE","timestamp":"2025-10-14T09:04:31.242Z"}
{"level":"info","message":"refresh token ","timestamp":"2025-10-14T09:04:31.244Z"}
{"g_state":"{\"i_l\":0,\"i_ll\":1760342869290,\"i_b\":\"Gv5MQvUbRB7pF0N7p2nN7Ykki9ckF8479mzGu1NktcI\"}","level":"info","message":"refresh token ","rzp_unified_session_id":"RTITLEg0fWu0iE","timestamp":"2025-10-14T09:04:31.250Z"}
{"level":"info","message":"refresh token ","timestamp":"2025-10-14T09:04:31.251Z"}
{"g_state":"{\"i_l\":0,\"i_ll\":1760342869290,\"i_b\":\"Gv5MQvUbRB7pF0N7p2nN7Ykki9ckF8479mzGu1NktcI\"}","level":"info","message":"refresh token ","rzp_unified_session_id":"RTITLEg0fWu0iE","timestamp":"2025-10-14T09:04:31.254Z"}
{"level":"info","message":"refresh token ","timestamp":"2025-10-14T09:04:31.255Z"}
{"g_state":"{\"i_l\":0,\"i_ll\":1760342869290,\"i_b\":\"Gv5MQvUbRB7pF0N7p2nN7Ykki9ckF8479mzGu1NktcI\"}","level":"info","message":"refresh token ","rzp_unified_session_id":"RTITLEg0fWu0iE","timestamp":"2025-10-14T09:04:31.258Z"}
{"level":"info","message":"refresh token ","timestamp":"2025-10-14T09:04:31.259Z"}
{"g_state":"{\"i_l\":0,\"i_ll\":1760342869290,\"i_b\":\"Gv5MQvUbRB7pF0N7p2nN7Ykki9ckF8479mzGu1NktcI\"}","level":"info","message":"refresh token ","rzp_unified_session_id":"RTITLEg0fWu0iE","timestamp":"2025-10-14T09:04:31.273Z"}
{"level":"info","message":"refresh token ","timestamp":"2025-10-14T09:04:31.274Z"}
{"g_state":"{\"i_l\":0,\"i_ll\":1760342869290,\"i_b\":\"Gv5MQvUbRB7pF0N7p2nN7Ykki9ckF8479mzGu1NktcI\"}","level":"info","message":"refresh token ","rzp_unified_session_id":"RTITLEg0fWu0iE","timestamp":"2025-10-14T09:04:31.276Z"}
{"level":"info","message":"refresh token ","timestamp":"2025-10-14T09:04:31.277Z"}
{"g_state":"{\"i_l\":0,\"i_ll\":1760342869290,\"i_b\":\"Gv5MQvUbRB7pF0N7p2nN7Ykki9ckF8479mzGu1NktcI\"}","level":"info","message":"refresh token ","rzp_unified_session_id":"RTITLEg0fWu0iE","timestamp":"2025-10-14T09:04:31.288Z"}
{"level":"info","message":"refresh token ","timestamp":"2025-10-14T09:04:31.288Z"}
{"g_state":"{\"i_l\":0,\"i_ll\":1760342869290,\"i_b\":\"Gv5MQvUbRB7pF0N7p2nN7Ykki9ckF8479mzGu1NktcI\"}","level":"info","message":"refresh token ","rzp_unified_session_id":"RTITLEg0fWu0iE","timestamp":"2025-10-14T09:04:31.295Z"}
{"level":"info","message":"refresh token ","timestamp":"2025-10-14T09:04:31.295Z"}
{"level":"info","message":"Login user: user1@gmail.com","timestamp":"2025-10-14T09:04:53.046Z"}
{"0":"6","1":"8","10":"8","11":"6","12":"f","13":"e","14":"e","15":"0","16":"b","17":"f","18":"e","19":"9","2":"4","20":"1","21":"5","22":"8","23":"6","3":"1","4":"6","5":"4","6":"1","7":"c","8":"1","9":"5","level":"info","message":"blocked or not ","timestamp":"2025-10-14T09:04:53.250Z"}
{"0":"6","1":"8","10":"8","11":"6","12":"f","13":"e","14":"e","15":"0","16":"b","17":"f","18":"e","19":"9","2":"4","20":"1","21":"5","22":"8","23":"6","3":"1","4":"6","5":"4","6":"1","7":"c","8":"1","9":"5","level":"info","message":"blocked or not ","timestamp":"2025-10-14T09:04:53.333Z"}
{"0":{"__v":0,"_id":"68df8c3b31ff6c4a778ad2c6","createdAt":"2025-10-03T08:41:31.640Z","enrolledAt":"2025-10-03T08:41:31.633Z","eventId":"68a9fee98f0d5a90f4b31bc1","status":"enrolled","updatedAt":"2025-10-03T08:41:31.640Z","userId":"6841641c1586fee0bfe91586"},"level":"info","message":"evetnssss","timestamp":"2025-10-14T09:04:53.433Z"}
{"0":{"__v":0,"_id":"68df8c3b31ff6c4a778ad2c6","createdAt":"2025-10-03T08:41:31.640Z","enrolledAt":"2025-10-03T08:41:31.633Z","eventId":"68a9fee98f0d5a90f4b31bc1","status":"enrolled","updatedAt":"2025-10-03T08:41:31.640Z","userId":"6841641c1586fee0bfe91586"},"level":"info","message":"evetnssss","timestamp":"2025-10-14T09:04:53.512Z"}
{"level":"info","message":"Login user: user1@gmail.com","timestamp":"2025-10-14T09:25:47.799Z"}
{"level":"info","message":"Login user: user1@gmail.com","timestamp":"2025-10-14T09:26:00.833Z"}
{"level":"info","message":"Login user: user1@gmail.com","timestamp":"2025-10-14T09:26:06.198Z"}
{"0":"6","1":"8","10":"8","11":"6","12":"f","13":"e","14":"e","15":"0","16":"b","17":"f","18":"e","19":"9","2":"4","20":"1","21":"5","22":"8","23":"6","3":"1","4":"6","5":"4","6":"1","7":"c","8":"1","9":"5","level":"info","message":"blocked or not ","timestamp":"2025-10-14T09:26:06.379Z"}
{"0":"6","1":"8","10":"8","11":"6","12":"f","13":"e","14":"e","15":"0","16":"b","17":"f","18":"e","19":"9","2":"4","20":"1","21":"5","22":"8","23":"6","3":"1","4":"6","5":"4","6":"1","7":"c","8":"1","9":"5","level":"info","message":"blocked or not ","timestamp":"2025-10-14T09:26:06.479Z"}
{"0":{"__v":0,"_id":"68df8c3b31ff6c4a778ad2c6","createdAt":"2025-10-03T08:41:31.640Z","enrolledAt":"2025-10-03T08:41:31.633Z","eventId":"68a9fee98f0d5a90f4b31bc1","status":"enrolled","updatedAt":"2025-10-03T08:41:31.640Z","userId":"6841641c1586fee0bfe91586"},"level":"info","message":"evetnssss","timestamp":"2025-10-14T09:26:06.570Z"}
{"0":{"__v":0,"_id":"68df8c3b31ff6c4a778ad2c6","createdAt":"2025-10-03T08:41:31.640Z","enrolledAt":"2025-10-03T08:41:31.633Z","eventId":"68a9fee98f0d5a90f4b31bc1","status":"enrolled","updatedAt":"2025-10-03T08:41:31.640Z","userId":"6841641c1586fee0bfe91586"},"level":"info","message":"evetnssss","timestamp":"2025-10-14T09:26:06.650Z"}
{"level":"info","message":"Login attempt for user: user1@gmail.com","timestamp":"2025-10-14T09:43:02.242Z"}
{"level":"info","message":"Login attempt for user: user1@gmail.com","timestamp":"2025-10-14T09:43:11.357Z"}
{"level":"info","message":"Login attempt for user: user1@gmail.com","timestamp":"2025-10-14T09:43:14.646Z"}
{"0":"6","1":"8","10":"8","11":"6","12":"f","13":"e","14":"e","15":"0","16":"b","17":"f","18":"e","19":"9","2":"4","20":"1","21":"5","22":"8","23":"6","3":"1","4":"6","5":"4","6":"1","7":"c","8":"1","9":"5","level":"info","message":"blocked or not ","timestamp":"2025-10-14T09:43:14.841Z"}
{"0":"6","1":"8","10":"8","11":"6","12":"f","13":"e","14":"e","15":"0","16":"b","17":"f","18":"e","19":"9","2":"4","20":"1","21":"5","22":"8","23":"6","3":"1","4":"6","5":"4","6":"1","7":"c","8":"1","9":"5","level":"info","message":"blocked or not ","timestamp":"2025-10-14T09:43:14.917Z"}
{"0":{"__v":0,"_id":"68df8c3b31ff6c4a778ad2c6","createdAt":"2025-10-03T08:41:31.640Z","enrolledAt":"2025-10-03T08:41:31.633Z","eventId":"68a9fee98f0d5a90f4b31bc1","status":"enrolled","updatedAt":"2025-10-03T08:41:31.640Z","userId":"6841641c1586fee0bfe91586"},"level":"info","message":"evetnssss","timestamp":"2025-10-14T09:43:15.023Z"}
{"0":{"__v":0,"_id":"68df8c3b31ff6c4a778ad2c6","createdAt":"2025-10-03T08:41:31.640Z","enrolledAt":"2025-10-03T08:41:31.633Z","eventId":"68a9fee98f0d5a90f4b31bc1","status":"enrolled","updatedAt":"2025-10-03T08:41:31.640Z","userId":"6841641c1586fee0bfe91586"},"level":"info","message":"evetnssss","timestamp":"2025-10-14T09:43:15.111Z"}
{"level":"info","message":"Login user: user1@gmail.com","timestamp":"2025-10-14T09:47:47.418Z"}
{"level":"info","message":"Login user: user1@gmail.com","timestamp":"2025-10-14T09:50:17.702Z"}
{"level":"info","message":"Login user: user1@gmail.com","timestamp":"2025-10-14T10:26:52.626Z"}
{"level":"info","message":"Login user: user1@gmail.com","timestamp":"2025-10-14T10:29:05.435Z"}
{"level":"info","message":"Login user: user1@gmail.com","timestamp":"2025-10-14T10:31:36.819Z"}
{"body":{"email":"user1@gmail.com"},"level":"error","message":"email is not defined","method":"POST","params":{},"query":{},"route":"/user/login","stack":"ReferenceError: email is not defined\n    at login (C:\\Edunity_\\backend\\src\\controllers\\user\\authController.ts:30:7)\n    at Layer.handleRequest (C:\\Edunity_\\backend\\node_modules\\router\\lib\\layer.js:152:17)\n    at next (C:\\Edunity_\\backend\\node_modules\\router\\lib\\route.js:157:13)\n    at Route.dispatch (C:\\Edunity_\\backend\\node_modules\\router\\lib\\route.js:117:3)\n    at handle (C:\\Edunity_\\backend\\node_modules\\router\\index.js:435:11)\n    at Layer.handleRequest (C:\\Edunity_\\backend\\node_modules\\router\\lib\\layer.js:152:17)\n    at C:\\Edunity_\\backend\\node_modules\\router\\index.js:295:15\n    at processParams (C:\\Edunity_\\backend\\node_modules\\router\\index.js:582:12)\n    at next (C:\\Edunity_\\backend\\node_modules\\router\\index.js:291:5)\n    at Function.handle (C:\\Edunity_\\backend\\node_modules\\router\\index.js:186:3)","timestamp":"2025-10-14T10:31:36.825Z"}
    {"level":"info","message":"Login user: user1@gmail.com","timestamp":"2025-10-14T12:05:29.906Z"}
    {"body":{"email":"user1@gmail.com"},"level":"error","message":"email is not defined","method":"POST","params":{},"query":{},"route":"/user/login","stack":"ReferenceError: email is not defined\n    at login (C:\\Edunity_\\backend\\src\\controllers\\user\\authController.ts:30:7)\n    at Layer.handleRequest (C:\\Edunity_\\backend\\node_modules\\router\\lib\\layer.js:152:17)\n    at next (C:\\Edunity_\\backend\\node_modules\\router\\lib\\route.js:157:13)\n    at Route.dispatch (C:\\Edunity_\\backend\\node_modules\\router\\lib\\route.js:117:3)\n    at handle (C:\\Edunity_\\backend\\node_modules\\router\\index.js:435:11)\n    at Layer.handleRequest (C:\\Edunity_\\backend\\node_modules\\router\\lib\\layer.js:152:17)\n    at C:\\Edunity_\\backend\\node_modules\\router\\index.js:295:15\n    at processParams (C:\\Edunity_\\backend\\node_modules\\router\\index.js:582:12)\n    at next (C:\\Edunity_\\backend\\node_modules\\router\\index.js:291:5)\n    at Function.handle (C:\\Edunity_\\backend\\node_modules\\router\\index.js:186:3)","timestamp":"2025-10-14T12:05:29.913Z"}
    {"level":"info","message":"Login user: ","timestamp":"2025-10-14T12:05:46.379Z"}
    {"body":{"email":""},"level":"error","message":"email is not defined","method":"POST","params":{},"query":{},"route":"/user/login","stack":"ReferenceError: email is not defined\n    at login (C:\\Edunity_\\backend\\src\\controllers\\user\\authController.ts:30:7)\n    at Layer.handleRequest (C:\\Edunity_\\backend\\node_modules\\router\\lib\\layer.js:152:17)\n    at next (C:\\Edunity_\\backend\\node_modules\\router\\lib\\route.js:157:13)\n    at Route.dispatch (C:\\Edunity_\\backend\\node_modules\\router\\lib\\route.js:117:3)\n    at handle (C:\\Edunity_\\backend\\node_modules\\router\\index.js:435:11)\n    at Layer.handleRequest (C:\\Edunity_\\backend\\node_modules\\router\\lib\\layer.js:152:17)\n    at C:\\Edunity_\\backend\\node_modules\\router\\index.js:295:15\n    at processParams (C:\\Edunity_\\backend\\node_modules\\router\\index.js:582:12)\n    at next (C:\\Edunity_\\backend\\node_modules\\router\\index.js:291:5)\n    at Function.handle (C:\\Edunity_\\backend\\node_modules\\router\\index.js:186:3)","timestamp":"2025-10-14T12:05:46.381Z"}
    {"level":"info","message":"Login user: user1@gmail.com1111","timestamp":"2025-10-14T12:07:18.639Z"}
