{"level":"info","message":"Login user: u","timestamp":"2025-10-23T12:07:14.102Z"}
{"level":"info","message":"Login user: user1@gmail.com","timestamp":"2025-10-23T12:07:18.003Z"}
{"0":"6","1":"8","10":"8","11":"6","12":"f","13":"e","14":"e","15":"0","16":"b","17":"f","18":"e","19":"9","2":"4","20":"1","21":"5","22":"8","23":"6","3":"1","4":"6","5":"4","6":"1","7":"c","8":"1","9":"5","level":"info","message":"blocked or not ","timestamp":"2025-10-23T12:07:18.214Z"}
{"0":"6","1":"8","10":"8","11":"6","12":"f","13":"e","14":"e","15":"0","16":"b","17":"f","18":"e","19":"9","2":"4","20":"1","21":"5","22":"8","23":"6","3":"1","4":"6","5":"4","6":"1","7":"c","8":"1","9":"5","level":"info","message":"blocked or not ","timestamp":"2025-10-23T12:07:18.284Z"}
{"0":{"__v":0,"_id":"68df8c3b31ff6c4a778ad2c6","createdAt":"2025-10-03T08:41:31.640Z","enrolledAt":"2025-10-03T08:41:31.633Z","eventId":"68a9fee98f0d5a90f4b31bc1","status":"enrolled","updatedAt":"2025-10-03T08:41:31.640Z","userId":"6841641c1586fee0bfe91586"},"1":{"__v":0,"_id":"68f35dea113e87f6529ac20b","createdAt":"2025-10-18T09:29:14.515Z","enrolledAt":"2025-10-18T09:29:14.514Z","eventId":"68f35dd2113e87f6529ac1bd","status":"enrolled","updatedAt":"2025-10-18T09:29:14.515Z","userId":"6841641c1586fee0bfe91586"},"level":"info","message":"evetnssss","timestamp":"2025-10-23T12:07:18.460Z"}
{"0":{"__v":0,"_id":"68df8c3b31ff6c4a778ad2c6","createdAt":"2025-10-03T08:41:31.640Z","enrolledAt":"2025-10-03T08:41:31.633Z","eventId":"68a9fee98f0d5a90f4b31bc1","status":"enrolled","updatedAt":"2025-10-03T08:41:31.640Z","userId":"6841641c1586fee0bfe91586"},"1":{"__v":0,"_id":"68f35dea113e87f6529ac20b","createdAt":"2025-10-18T09:29:14.515Z","enrolledAt":"2025-10-18T09:29:14.514Z","eventId":"68f35dd2113e87f6529ac1bd","status":"enrolled","updatedAt":"2025-10-18T09:29:14.515Z","userId":"6841641c1586fee0bfe91586"},"level":"info","message":"evetnssss","timestamp":"2025-10-23T12:07:18.541Z"}
{"0":"6","1":"8","10":"8","11":"6","12":"f","13":"e","14":"e","15":"0","16":"b","17":"f","18":"e","19":"9","2":"4","20":"1","21":"5","22":"8","23":"6","3":"1","4":"6","5":"4","6":"1","7":"c","8":"1","9":"5","level":"info","message":"blocked or not ","timestamp":"2025-10-23T13:47:29.274Z"}
{"0":"6","1":"8","10":"8","11":"6","12":"f","13":"e","14":"e","15":"0","16":"b","17":"f","18":"e","19":"9","2":"4","20":"1","21":"5","22":"8","23":"6","3":"1","4":"6","5":"4","6":"1","7":"c","8":"1","9":"5","level":"info","message":"blocked or not ","timestamp":"2025-10-23T13:47:29.358Z"}
{"0":"6","1":"8","10":"8","11":"6","12":"f","13":"e","14":"e","15":"0","16":"b","17":"f","18":"e","19":"9","2":"4","20":"1","21":"5","22":"8","23":"6","3":"1","4":"6","5":"4","6":"1","7":"c","8":"1","9":"5","level":"info","message":"blocked or not ","timestamp":"2025-10-23T13:47:35.785Z"}
{"0":"6","1":"8","10":"8","11":"6","12":"f","13":"e","14":"e","15":"0","16":"b","17":"f","18":"e","19":"9","2":"4","20":"1","21":"5","22":"8","23":"6","3":"1","4":"6","5":"4","6":"1","7":"c","8":"1","9":"5","level":"info","message":"blocked or not ","timestamp":"2025-10-23T13:47:35.873Z"}
{"0":"6","1":"8","10":"8","11":"6","12":"f","13":"e","14":"e","15":"0","16":"b","17":"f","18":"e","19":"9","2":"4","20":"1","21":"5","22":"8","23":"6","3":"1","4":"6","5":"4","6":"1","7":"c","8":"1","9":"5","level":"info","message":"blocked or not ","timestamp":"2025-10-23T13:48:05.101Z"}
{"0":"6","1":"8","10":"8","11":"6","12":"f","13":"e","14":"e","15":"0","16":"b","17":"f","18":"e","19":"9","2":"4","20":"1","21":"5","22":"8","23":"6","3":"1","4":"6","5":"4","6":"1","7":"c","8":"1","9":"5","level":"info","message":"blocked or not ","timestamp":"2025-10-23T13:48:05.207Z"}
{"0":"6","1":"8","10":"8","11":"6","12":"f","13":"e","14":"e","15":"0","16":"b","17":"f","18":"e","19":"9","2":"4","20":"1","21":"5","22":"8","23":"6","3":"1","4":"6","5":"4","6":"1","7":"c","8":"1","9":"5","level":"info","message":"blocked or not ","timestamp":"2025-10-23T13:48:20.562Z"}
{"0":"6","1":"8","10":"8","11":"6","12":"f","13":"e","14":"e","15":"0","16":"b","17":"f","18":"e","19":"9","2":"4","20":"1","21":"5","22":"8","23":"6","3":"1","4":"6","5":"4","6":"1","7":"c","8":"1","9":"5","level":"info","message":"blocked or not ","timestamp":"2025-10-23T13:48:20.644Z"}
{"0":"6","1":"8","10":"8","11":"6","12":"f","13":"e","14":"e","15":"0","16":"b","17":"f","18":"e","19":"9","2":"4","20":"1","21":"5","22":"8","23":"6","3":"1","4":"6","5":"4","6":"1","7":"c","8":"1","9":"5","level":"info","message":"blocked or not ","timestamp":"2025-10-23T13:48:25.121Z"}
{"0":"6","1":"8","10":"8","11":"6","12":"f","13":"e","14":"e","15":"0","16":"b","17":"f","18":"e","19":"9","2":"4","20":"1","21":"5","22":"8","23":"6","3":"1","4":"6","5":"4","6":"1","7":"c","8":"1","9":"5","level":"info","message":"blocked or not ","timestamp":"2025-10-23T13:48:25.197Z"}
{"level":"info","message":"get Courses user","timestamp":"2025-10-23T14:00:15.260Z"}
{"level":"info","message":"get Courses user","timestamp":"2025-10-23T14:00:15.372Z"}
{"0":"6","1":"8","10":"8","11":"6","12":"f","13":"e","14":"e","15":"0","16":"b","17":"f","18":"e","19":"9","2":"4","20":"1","21":"5","22":"8","23":"6","3":"1","4":"6","5":"4","6":"1","7":"c","8":"1","9":"5","level":"info","message":"blocked or not ","timestamp":"2025-10-23T14:00:26.070Z"}
{"0":"6","1":"8","10":"8","11":"6","12":"f","13":"e","14":"e","15":"0","16":"b","17":"f","18":"e","19":"9","2":"4","20":"1","21":"5","22":"8","23":"6","3":"1","4":"6","5":"4","6":"1","7":"c","8":"1","9":"5","level":"info","message":"blocked or not ","timestamp":"2025-10-23T14:00:26.158Z"}
{"0":{"__v":0,"_id":"68df8c3b31ff6c4a778ad2c6","createdAt":"2025-10-03T08:41:31.640Z","enrolledAt":"2025-10-03T08:41:31.633Z","eventId":"68a9fee98f0d5a90f4b31bc1","status":"enrolled","updatedAt":"2025-10-03T08:41:31.640Z","userId":"6841641c1586fee0bfe91586"},"1":{"__v":0,"_id":"68f35dea113e87f6529ac20b","createdAt":"2025-10-18T09:29:14.515Z","enrolledAt":"2025-10-18T09:29:14.514Z","eventId":"68f35dd2113e87f6529ac1bd","status":"enrolled","updatedAt":"2025-10-18T09:29:14.515Z","userId":"6841641c1586fee0bfe91586"},"level":"info","message":"evetnssss","timestamp":"2025-10-23T14:00:30.873Z"}
{"0":{"__v":0,"_id":"68df8c3b31ff6c4a778ad2c6","createdAt":"2025-10-03T08:41:31.640Z","enrolledAt":"2025-10-03T08:41:31.633Z","eventId":"68a9fee98f0d5a90f4b31bc1","status":"enrolled","updatedAt":"2025-10-03T08:41:31.640Z","userId":"6841641c1586fee0bfe91586"},"1":{"__v":0,"_id":"68f35dea113e87f6529ac20b","createdAt":"2025-10-18T09:29:14.515Z","enrolledAt":"2025-10-18T09:29:14.514Z","eventId":"68f35dd2113e87f6529ac1bd","status":"enrolled","updatedAt":"2025-10-18T09:29:14.515Z","userId":"6841641c1586fee0bfe91586"},"level":"info","message":"evetnssss","timestamp":"2025-10-23T14:00:30.964Z"}
{"0":"6","1":"8","10":"8","11":"6","12":"f","13":"e","14":"e","15":"0","16":"b","17":"f","18":"e","19":"9","2":"4","20":"1","21":"5","22":"8","23":"6","3":"1","4":"6","5":"4","6":"1","7":"c","8":"1","9":"5","level":"info","message":"blocked or not ","timestamp":"2025-10-23T14:04:25.660Z"}
{"0":"6","1":"8","10":"8","11":"6","12":"f","13":"e","14":"e","15":"0","16":"b","17":"f","18":"e","19":"9","2":"4","20":"1","21":"5","22":"8","23":"6","3":"1","4":"6","5":"4","6":"1","7":"c","8":"1","9":"5","level":"info","message":"blocked or not ","timestamp":"2025-10-23T14:04:25.769Z"}
{"0":{"__v":0,"_id":"68df8c3b31ff6c4a778ad2c6","createdAt":"2025-10-03T08:41:31.640Z","enrolledAt":"2025-10-03T08:41:31.633Z","eventId":"68a9fee98f0d5a90f4b31bc1","status":"enrolled","updatedAt":"2025-10-03T08:41:31.640Z","userId":"6841641c1586fee0bfe91586"},"1":{"__v":0,"_id":"68f35dea113e87f6529ac20b","createdAt":"2025-10-18T09:29:14.515Z","enrolledAt":"2025-10-18T09:29:14.514Z","eventId":"68f35dd2113e87f6529ac1bd","status":"enrolled","updatedAt":"2025-10-18T09:29:14.515Z","userId":"6841641c1586fee0bfe91586"},"level":"info","message":"evetnssss","timestamp":"2025-10-23T14:04:25.872Z"}
{"0":{"__v":0,"_id":"68df8c3b31ff6c4a778ad2c6","createdAt":"2025-10-03T08:41:31.640Z","enrolledAt":"2025-10-03T08:41:31.633Z","eventId":"68a9fee98f0d5a90f4b31bc1","status":"enrolled","updatedAt":"2025-10-03T08:41:31.640Z","userId":"6841641c1586fee0bfe91586"},"1":{"__v":0,"_id":"68f35dea113e87f6529ac20b","createdAt":"2025-10-18T09:29:14.515Z","enrolledAt":"2025-10-18T09:29:14.514Z","eventId":"68f35dd2113e87f6529ac1bd","status":"enrolled","updatedAt":"2025-10-18T09:29:14.515Z","userId":"6841641c1586fee0bfe91586"},"level":"info","message":"evetnssss","timestamp":"2025-10-23T14:04:25.980Z"}
{"level":"info","message":"get Courses user","timestamp":"2025-10-23T14:05:22.602Z"}
{"0":"6","1":"8","10":"8","11":"6","12":"f","13":"e","14":"e","15":"0","16":"b","17":"f","18":"e","19":"9","2":"4","20":"1","21":"5","22":"8","23":"6","3":"1","4":"6","5":"4","6":"1","7":"c","8":"1","9":"5","level":"info","message":"blocked or not ","timestamp":"2025-10-23T14:05:22.667Z"}
{"level":"info","message":"get Courses user","timestamp":"2025-10-23T14:05:22.692Z"}
{"0":"6","1":"8","10":"8","11":"6","12":"f","13":"e","14":"e","15":"0","16":"b","17":"f","18":"e","19":"9","2":"4","20":"1","21":"5","22":"8","23":"6","3":"1","4":"6","5":"4","6":"1","7":"c","8":"1","9":"5","level":"info","message":"blocked or not ","timestamp":"2025-10-23T14:05:22.755Z"}
{"0":{"__v":0,"_id":"68df8c3b31ff6c4a778ad2c6","createdAt":"2025-10-03T08:41:31.640Z","enrolledAt":"2025-10-03T08:41:31.633Z","eventId":"68a9fee98f0d5a90f4b31bc1","status":"enrolled","updatedAt":"2025-10-03T08:41:31.640Z","userId":"6841641c1586fee0bfe91586"},"1":{"__v":0,"_id":"68f35dea113e87f6529ac20b","createdAt":"2025-10-18T09:29:14.515Z","enrolledAt":"2025-10-18T09:29:14.514Z","eventId":"68f35dd2113e87f6529ac1bd","status":"enrolled","updatedAt":"2025-10-18T09:29:14.515Z","userId":"6841641c1586fee0bfe91586"},"level":"info","message":"evetnssss","timestamp":"2025-10-23T14:05:22.864Z"}
{"0":{"__v":0,"_id":"68df8c3b31ff6c4a778ad2c6","createdAt":"2025-10-03T08:41:31.640Z","enrolledAt":"2025-10-03T08:41:31.633Z","eventId":"68a9fee98f0d5a90f4b31bc1","status":"enrolled","updatedAt":"2025-10-03T08:41:31.640Z","userId":"6841641c1586fee0bfe91586"},"1":{"__v":0,"_id":"68f35dea113e87f6529ac20b","createdAt":"2025-10-18T09:29:14.515Z","enrolledAt":"2025-10-18T09:29:14.514Z","eventId":"68f35dd2113e87f6529ac1bd","status":"enrolled","updatedAt":"2025-10-18T09:29:14.515Z","userId":"6841641c1586fee0bfe91586"},"level":"info","message":"evetnssss","timestamp":"2025-10-23T14:05:22.974Z"}
{"0":"6","1":"8","10":"8","11":"6","12":"f","13":"e","14":"e","15":"0","16":"b","17":"f","18":"e","19":"9","2":"4","20":"1","21":"5","22":"8","23":"6","3":"1","4":"6","5":"4","6":"1","7":"c","8":"1","9":"5","level":"info","message":"blocked or not ","timestamp":"2025-10-23T14:05:33.488Z"}
{"0":"6","1":"8","10":"8","11":"6","12":"f","13":"e","14":"e","15":"0","16":"b","17":"f","18":"e","19":"9","2":"4","20":"1","21":"5","22":"8","23":"6","3":"1","4":"6","5":"4","6":"1","7":"c","8":"1","9":"5","level":"info","message":"blocked or not ","timestamp":"2025-10-23T14:05:33.593Z"}
{"level":"info","message":"get Courses user","timestamp":"2025-10-23T14:06:09.527Z"}
{"0":"6","1":"8","10":"8","11":"6","12":"f","13":"e","14":"e","15":"0","16":"b","17":"f","18":"e","19":"9","2":"4","20":"1","21":"5","22":"8","23":"6","3":"1","4":"6","5":"4","6":"1","7":"c","8":"1","9":"5","level":"info","message":"blocked or not ","timestamp":"2025-10-23T14:06:09.583Z"}
{"level":"info","message":"get Courses user","timestamp":"2025-10-23T14:06:09.619Z"}
{"0":"6","1":"8","10":"8","11":"6","12":"f","13":"e","14":"e","15":"0","16":"b","17":"f","18":"e","19":"9","2":"4","20":"1","21":"5","22":"8","23":"6","3":"1","4":"6","5":"4","6":"1","7":"c","8":"1","9":"5","level":"info","message":"blocked or not ","timestamp":"2025-10-23T14:06:09.663Z"}
{"0":"6","1":"8","10":"8","11":"6","12":"f","13":"e","14":"e","15":"0","16":"b","17":"f","18":"e","19":"9","2":"4","20":"1","21":"5","22":"8","23":"6","3":"1","4":"6","5":"4","6":"1","7":"c","8":"1","9":"5","level":"info","message":"blocked or not ","timestamp":"2025-10-23T14:06:16.432Z"}
{"0":"6","1":"8","10":"8","11":"6","12":"f","13":"e","14":"e","15":"0","16":"b","17":"f","18":"e","19":"9","2":"4","20":"1","21":"5","22":"8","23":"6","3":"1","4":"6","5":"4","6":"1","7":"c","8":"1","9":"5","level":"info","message":"blocked or not ","timestamp":"2025-10-23T14:06:16.510Z"}
{"0":"6","1":"8","10":"8","11":"6","12":"f","13":"e","14":"e","15":"0","16":"b","17":"f","18":"e","19":"9","2":"4","20":"1","21":"5","22":"8","23":"6","3":"1","4":"6","5":"4","6":"1","7":"c","8":"1","9":"5","level":"info","message":"blocked or not ","timestamp":"2025-10-23T14:06:20.971Z"}
{"0":"6","1":"8","10":"8","11":"6","12":"f","13":"e","14":"e","15":"0","16":"b","17":"f","18":"e","19":"9","2":"4","20":"1","21":"5","22":"8","23":"6","3":"1","4":"6","5":"4","6":"1","7":"c","8":"1","9":"5","level":"info","message":"blocked or not ","timestamp":"2025-10-23T14:06:21.049Z"}
{"0":"6","1":"8","10":"8","11":"6","12":"f","13":"e","14":"e","15":"0","16":"b","17":"f","18":"e","19":"9","2":"4","20":"1","21":"5","22":"8","23":"6","3":"1","4":"6","5":"4","6":"1","7":"c","8":"1","9":"5","level":"info","message":"blocked or not ","timestamp":"2025-10-23T14:06:25.849Z"}
{"0":"6","1":"8","10":"8","11":"6","12":"f","13":"e","14":"e","15":"0","16":"b","17":"f","18":"e","19":"9","2":"4","20":"1","21":"5","22":"8","23":"6","3":"1","4":"6","5":"4","6":"1","7":"c","8":"1","9":"5","level":"info","message":"blocked or not ","timestamp":"2025-10-23T14:06:25.939Z"}
{"0":"6","1":"8","10":"8","11":"6","12":"f","13":"e","14":"e","15":"0","16":"b","17":"f","18":"e","19":"9","2":"4","20":"1","21":"5","22":"8","23":"6","3":"1","4":"6","5":"4","6":"1","7":"c","8":"1","9":"5","level":"info","message":"blocked or not ","timestamp":"2025-10-23T14:06:28.844Z"}
{"0":"6","1":"8","10":"8","11":"6","12":"f","13":"e","14":"e","15":"0","16":"b","17":"f","18":"e","19":"9","2":"4","20":"1","21":"5","22":"8","23":"6","3":"1","4":"6","5":"4","6":"1","7":"c","8":"1","9":"5","level":"info","message":"blocked or not ","timestamp":"2025-10-23T14:06:28.927Z"}
{"0":"6","1":"8","10":"8","11":"6","12":"f","13":"e","14":"e","15":"0","16":"b","17":"f","18":"e","19":"9","2":"4","20":"1","21":"5","22":"8","23":"6","3":"1","4":"6","5":"4","6":"1","7":"c","8":"1","9":"5","level":"info","message":"blocked or not ","timestamp":"2025-10-23T14:06:44.181Z"}
{"0":"6","1":"8","10":"8","11":"6","12":"f","13":"e","14":"e","15":"0","16":"b","17":"f","18":"e","19":"9","2":"4","20":"1","21":"5","22":"8","23":"6","3":"1","4":"6","5":"4","6":"1","7":"c","8":"1","9":"5","level":"info","message":"blocked or not ","timestamp":"2025-10-23T14:06:44.262Z"}
{"0":"6","1":"8","10":"8","11":"6","12":"f","13":"e","14":"e","15":"0","16":"b","17":"f","18":"e","19":"9","2":"4","20":"1","21":"5","22":"8","23":"6","3":"1","4":"6","5":"4","6":"1","7":"c","8":"1","9":"5","level":"info","message":"blocked or not ","timestamp":"2025-10-23T14:06:53.722Z"}
{"0":"6","1":"8","10":"8","11":"6","12":"f","13":"e","14":"e","15":"0","16":"b","17":"f","18":"e","19":"9","2":"4","20":"1","21":"5","22":"8","23":"6","3":"1","4":"6","5":"4","6":"1","7":"c","8":"1","9":"5","level":"info","message":"blocked or not ","timestamp":"2025-10-23T14:06:53.824Z"}
{"0":"6","1":"8","10":"8","11":"6","12":"f","13":"e","14":"e","15":"0","16":"b","17":"f","18":"e","19":"9","2":"4","20":"1","21":"5","22":"8","23":"6","3":"1","4":"6","5":"4","6":"1","7":"c","8":"1","9":"5","level":"info","message":"blocked or not ","timestamp":"2025-10-23T14:07:20.543Z"}
{"0":"6","1":"8","10":"8","11":"6","12":"f","13":"e","14":"e","15":"0","16":"b","17":"f","18":"e","19":"9","2":"4","20":"1","21":"5","22":"8","23":"6","3":"1","4":"6","5":"4","6":"1","7":"c","8":"1","9":"5","level":"info","message":"blocked or not ","timestamp":"2025-10-23T14:07:20.690Z"}
{"0":"6","1":"8","10":"8","11":"6","12":"f","13":"e","14":"e","15":"0","16":"b","17":"f","18":"e","19":"9","2":"4","20":"1","21":"5","22":"8","23":"6","3":"1","4":"6","5":"4","6":"1","7":"c","8":"1","9":"5","level":"info","message":"blocked or not ","timestamp":"2025-10-23T14:07:43.272Z"}
{"0":"6","1":"8","10":"8","11":"6","12":"f","13":"e","14":"e","15":"0","16":"b","17":"f","18":"e","19":"9","2":"4","20":"1","21":"5","22":"8","23":"6","3":"1","4":"6","5":"4","6":"1","7":"c","8":"1","9":"5","level":"info","message":"blocked or not ","timestamp":"2025-10-23T14:07:43.357Z"}
{"0":"6","1":"8","10":"8","11":"6","12":"f","13":"e","14":"e","15":"0","16":"b","17":"f","18":"e","19":"9","2":"4","20":"1","21":"5","22":"8","23":"6","3":"1","4":"6","5":"4","6":"1","7":"c","8":"1","9":"5","level":"info","message":"blocked or not ","timestamp":"2025-10-23T14:17:10.601Z"}
{"0":"6","1":"8","10":"8","11":"6","12":"f","13":"e","14":"e","15":"0","16":"b","17":"f","18":"e","19":"9","2":"4","20":"1","21":"5","22":"8","23":"6","3":"1","4":"6","5":"4","6":"1","7":"c","8":"1","9":"5","level":"info","message":"blocked or not ","timestamp":"2025-10-23T14:17:10.685Z"}
{"0":"6","1":"8","10":"8","11":"6","12":"f","13":"e","14":"e","15":"0","16":"b","17":"f","18":"e","19":"9","2":"4","20":"1","21":"5","22":"8","23":"6","3":"1","4":"6","5":"4","6":"1","7":"c","8":"1","9":"5","level":"info","message":"blocked or not ","timestamp":"2025-10-23T14:17:11.553Z"}
{"0":"6","1":"8","10":"8","11":"6","12":"f","13":"e","14":"e","15":"0","16":"b","17":"f","18":"e","19":"9","2":"4","20":"1","21":"5","22":"8","23":"6","3":"1","4":"6","5":"4","6":"1","7":"c","8":"1","9":"5","level":"info","message":"blocked or not ","timestamp":"2025-10-23T14:17:11.630Z"}
{"0":"6","1":"8","10":"8","11":"6","12":"f","13":"e","14":"e","15":"0","16":"b","17":"f","18":"e","19":"9","2":"4","20":"1","21":"5","22":"8","23":"6","3":"1","4":"6","5":"4","6":"1","7":"c","8":"1","9":"5","level":"info","message":"blocked or not ","timestamp":"2025-10-23T14:17:21.931Z"}
{"0":"6","1":"8","10":"8","11":"6","12":"f","13":"e","14":"e","15":"0","16":"b","17":"f","18":"e","19":"9","2":"4","20":"1","21":"5","22":"8","23":"6","3":"1","4":"6","5":"4","6":"1","7":"c","8":"1","9":"5","level":"info","message":"blocked or not ","timestamp":"2025-10-23T14:17:22.017Z"}
{"0":"6","1":"8","10":"8","11":"6","12":"f","13":"e","14":"e","15":"0","16":"b","17":"f","18":"e","19":"9","2":"4","20":"1","21":"5","22":"8","23":"6","3":"1","4":"6","5":"4","6":"1","7":"c","8":"1","9":"5","level":"info","message":"blocked or not ","timestamp":"2025-10-23T14:17:32.452Z"}
{"0":"6","1":"8","10":"8","11":"6","12":"f","13":"e","14":"e","15":"0","16":"b","17":"f","18":"e","19":"9","2":"4","20":"1","21":"5","22":"8","23":"6","3":"1","4":"6","5":"4","6":"1","7":"c","8":"1","9":"5","level":"info","message":"blocked or not ","timestamp":"2025-10-23T14:17:32.536Z"}
{"0":"6","1":"8","10":"8","11":"6","12":"f","13":"e","14":"e","15":"0","16":"b","17":"f","18":"e","19":"9","2":"4","20":"1","21":"5","22":"8","23":"6","3":"1","4":"6","5":"4","6":"1","7":"c","8":"1","9":"5","level":"info","message":"blocked or not ","timestamp":"2025-10-23T14:17:35.723Z"}
{"0":"6","1":"8","10":"8","11":"6","12":"f","13":"e","14":"e","15":"0","16":"b","17":"f","18":"e","19":"9","2":"4","20":"1","21":"5","22":"8","23":"6","3":"1","4":"6","5":"4","6":"1","7":"c","8":"1","9":"5","level":"info","message":"blocked or not ","timestamp":"2025-10-23T14:17:35.802Z"}
{"0":"6","1":"8","10":"8","11":"6","12":"f","13":"e","14":"e","15":"0","16":"b","17":"f","18":"e","19":"9","2":"4","20":"1","21":"5","22":"8","23":"6","3":"1","4":"6","5":"4","6":"1","7":"c","8":"1","9":"5","level":"info","message":"blocked or not ","timestamp":"2025-10-23T14:17:51.235Z"}
{"0":"6","1":"8","10":"8","11":"6","12":"f","13":"e","14":"e","15":"0","16":"b","17":"f","18":"e","19":"9","2":"4","20":"1","21":"5","22":"8","23":"6","3":"1","4":"6","5":"4","6":"1","7":"c","8":"1","9":"5","level":"info","message":"blocked or not ","timestamp":"2025-10-23T14:17:51.304Z"}
{"0":"6","1":"8","10":"8","11":"6","12":"f","13":"e","14":"e","15":"0","16":"b","17":"f","18":"e","19":"9","2":"4","20":"1","21":"5","22":"8","23":"6","3":"1","4":"6","5":"4","6":"1","7":"c","8":"1","9":"5","level":"info","message":"blocked or not ","timestamp":"2025-10-23T14:18:07.164Z"}
{"0":"6","1":"8","10":"8","11":"6","12":"f","13":"e","14":"e","15":"0","16":"b","17":"f","18":"e","19":"9","2":"4","20":"1","21":"5","22":"8","23":"6","3":"1","4":"6","5":"4","6":"1","7":"c","8":"1","9":"5","level":"info","message":"blocked or not ","timestamp":"2025-10-23T14:18:07.243Z"}
{"0":"6","1":"8","10":"8","11":"6","12":"f","13":"e","14":"e","15":"0","16":"b","17":"f","18":"e","19":"9","2":"4","20":"1","21":"5","22":"8","23":"6","3":"1","4":"6","5":"4","6":"1","7":"c","8":"1","9":"5","level":"info","message":"blocked or not ","timestamp":"2025-10-23T14:18:31.172Z"}
{"0":"6","1":"8","10":"8","11":"6","12":"f","13":"e","14":"e","15":"0","16":"b","17":"f","18":"e","19":"9","2":"4","20":"1","21":"5","22":"8","23":"6","3":"1","4":"6","5":"4","6":"1","7":"c","8":"1","9":"5","level":"info","message":"blocked or not ","timestamp":"2025-10-23T14:18:31.281Z"}
{"0":"6","1":"8","10":"8","11":"6","12":"f","13":"e","14":"e","15":"0","16":"b","17":"f","18":"e","19":"9","2":"4","20":"1","21":"5","22":"8","23":"6","3":"1","4":"6","5":"4","6":"1","7":"c","8":"1","9":"5","level":"info","message":"blocked or not ","timestamp":"2025-10-23T14:18:34.625Z"}
{"0":"6","1":"8","10":"8","11":"6","12":"f","13":"e","14":"e","15":"0","16":"b","17":"f","18":"e","19":"9","2":"4","20":"1","21":"5","22":"8","23":"6","3":"1","4":"6","5":"4","6":"1","7":"c","8":"1","9":"5","level":"info","message":"blocked or not ","timestamp":"2025-10-23T14:18:34.710Z"}
{"0":"6","1":"8","10":"8","11":"6","12":"f","13":"e","14":"e","15":"0","16":"b","17":"f","18":"e","19":"9","2":"4","20":"1","21":"5","22":"8","23":"6","3":"1","4":"6","5":"4","6":"1","7":"c","8":"1","9":"5","level":"info","message":"blocked or not ","timestamp":"2025-10-23T14:18:43.714Z"}
{"0":"6","1":"8","10":"8","11":"6","12":"f","13":"e","14":"e","15":"0","16":"b","17":"f","18":"e","19":"9","2":"4","20":"1","21":"5","22":"8","23":"6","3":"1","4":"6","5":"4","6":"1","7":"c","8":"1","9":"5","level":"info","message":"blocked or not ","timestamp":"2025-10-23T14:18:43.824Z"}
{"0":"6","1":"8","10":"8","11":"6","12":"f","13":"e","14":"e","15":"0","16":"b","17":"f","18":"e","19":"9","2":"4","20":"1","21":"5","22":"8","23":"6","3":"1","4":"6","5":"4","6":"1","7":"c","8":"1","9":"5","level":"info","message":"blocked or not ","timestamp":"2025-10-23T14:18:46.725Z"}
{"0":"6","1":"8","10":"8","11":"6","12":"f","13":"e","14":"e","15":"0","16":"b","17":"f","18":"e","19":"9","2":"4","20":"1","21":"5","22":"8","23":"6","3":"1","4":"6","5":"4","6":"1","7":"c","8":"1","9":"5","level":"info","message":"blocked or not ","timestamp":"2025-10-23T14:18:46.836Z"}
{"0":"6","1":"8","10":"8","11":"6","12":"f","13":"e","14":"e","15":"0","16":"b","17":"f","18":"e","19":"9","2":"4","20":"1","21":"5","22":"8","23":"6","3":"1","4":"6","5":"4","6":"1","7":"c","8":"1","9":"5","level":"info","message":"blocked or not ","timestamp":"2025-10-23T14:51:25.182Z"}
{"0":"6","1":"8","10":"8","11":"6","12":"f","13":"e","14":"e","15":"0","16":"b","17":"f","18":"e","19":"9","2":"4","20":"1","21":"5","22":"8","23":"6","3":"1","4":"6","5":"4","6":"1","7":"c","8":"1","9":"5","level":"info","message":"blocked or not ","timestamp":"2025-10-23T14:51:25.276Z"}
{"0":"6","1":"8","10":"8","11":"6","12":"f","13":"e","14":"e","15":"0","16":"b","17":"f","18":"e","19":"9","2":"4","20":"1","21":"5","22":"8","23":"6","3":"1","4":"6","5":"4","6":"1","7":"c","8":"1","9":"5","level":"info","message":"blocked or not ","timestamp":"2025-10-23T14:51:40.206Z"}
{"0":"6","1":"8","10":"8","11":"6","12":"f","13":"e","14":"e","15":"0","16":"b","17":"f","18":"e","19":"9","2":"4","20":"1","21":"5","22":"8","23":"6","3":"1","4":"6","5":"4","6":"1","7":"c","8":"1","9":"5","level":"info","message":"blocked or not ","timestamp":"2025-10-23T14:51:40.278Z"}
{"0":"6","1":"8","10":"8","11":"6","12":"f","13":"e","14":"e","15":"0","16":"b","17":"f","18":"e","19":"9","2":"4","20":"1","21":"5","22":"8","23":"6","3":"1","4":"6","5":"4","6":"1","7":"c","8":"1","9":"5","level":"info","message":"blocked or not ","timestamp":"2025-10-23T14:57:03.576Z"}
{"0":"6","1":"8","10":"8","11":"6","12":"f","13":"e","14":"e","15":"0","16":"b","17":"f","18":"e","19":"9","2":"4","20":"1","21":"5","22":"8","23":"6","3":"1","4":"6","5":"4","6":"1","7":"c","8":"1","9":"5","level":"info","message":"blocked or not ","timestamp":"2025-10-23T14:57:03.660Z"}
{"0":"6","1":"8","10":"8","11":"6","12":"f","13":"e","14":"e","15":"0","16":"b","17":"f","18":"e","19":"9","2":"4","20":"1","21":"5","22":"8","23":"6","3":"1","4":"6","5":"4","6":"1","7":"c","8":"1","9":"5","level":"info","message":"blocked or not ","timestamp":"2025-10-23T14:57:12.172Z"}
{"0":"6","1":"8","10":"8","11":"6","12":"f","13":"e","14":"e","15":"0","16":"b","17":"f","18":"e","19":"9","2":"4","20":"1","21":"5","22":"8","23":"6","3":"1","4":"6","5":"4","6":"1","7":"c","8":"1","9":"5","level":"info","message":"blocked or not ","timestamp":"2025-10-23T14:57:12.289Z"}
